[INFO  - 2017-04-10T19:11:11.667Z] GhostDriver - Main - running on port 9417
[INFO  - 2017-04-10T19:11:11.848Z] Session [75df9330-1e21-11e7-8cd2-e13683a8e411] - page.settings - {"XSSAuditingEnabled":false,"javascriptCanCloseWindows":true,"javascriptCanOpenWindows":true,"javascriptEnabled":true,"loadImages":true,"localToRemoteUrlAccessEnabled":false,"userAgent":"Mozilla/5.0 (Windows NT 6.2; WOW64) AppleWebKit/538.1 (KHTML, like Gecko) PhantomJS/2.1.1 Safari/538.1","webSecurityEnabled":true}
[INFO  - 2017-04-10T19:11:11.848Z] Session [75df9330-1e21-11e7-8cd2-e13683a8e411] - page.customHeaders:  - {}
[INFO  - 2017-04-10T19:11:11.848Z] Session [75df9330-1e21-11e7-8cd2-e13683a8e411] - Session.negotiatedCapabilities - {"browserName":"phantomjs","version":"2.1.1","driverName":"ghostdriver","driverVersion":"1.2.0","platform":"windows-10-32bit","javascriptEnabled":true,"takesScreenshot":true,"handlesAlerts":false,"databaseEnabled":false,"locationContextEnabled":false,"applicationCacheEnabled":false,"browserConnectionEnabled":false,"cssSelectorsEnabled":true,"webStorageEnabled":false,"rotatable":false,"acceptSslCerts":false,"nativeEvents":true,"proxy":{"proxyType":"direct"}}
[INFO  - 2017-04-10T19:11:11.849Z] SessionManagerReqHand - _postNewSessionCommand - New Session Created: 75df9330-1e21-11e7-8cd2-e13683a8e411
[INFO  - 2017-04-10T19:11:13.989Z] ShutdownReqHand - _handle - About to shutdown
[INFO  - 2017-04-10T19:12:13.004Z] GhostDriver - Main - running on port 37225
[INFO  - 2017-04-10T19:12:13.343Z] Session [9a871eb0-1e21-11e7-9df3-939cd20056e7] - page.settings - {"XSSAuditingEnabled":false,"javascriptCanCloseWindows":true,"javascriptCanOpenWindows":true,"javascriptEnabled":true,"loadImages":true,"localToRemoteUrlAccessEnabled":false,"userAgent":"Mozilla/5.0 (Windows NT 6.2; WOW64) AppleWebKit/538.1 (KHTML, like Gecko) PhantomJS/2.1.1 Safari/538.1","webSecurityEnabled":true}
[INFO  - 2017-04-10T19:12:13.343Z] Session [9a871eb0-1e21-11e7-9df3-939cd20056e7] - page.customHeaders:  - {}
[INFO  - 2017-04-10T19:12:13.343Z] Session [9a871eb0-1e21-11e7-9df3-939cd20056e7] - Session.negotiatedCapabilities - {"browserName":"phantomjs","version":"2.1.1","driverName":"ghostdriver","driverVersion":"1.2.0","platform":"windows-10-32bit","javascriptEnabled":true,"takesScreenshot":true,"handlesAlerts":false,"databaseEnabled":false,"locationContextEnabled":false,"applicationCacheEnabled":false,"browserConnectionEnabled":false,"cssSelectorsEnabled":true,"webStorageEnabled":false,"rotatable":false,"acceptSslCerts":false,"nativeEvents":true,"proxy":{"proxyType":"direct"}}
[INFO  - 2017-04-10T19:12:13.344Z] SessionManagerReqHand - _postNewSessionCommand - New Session Created: 9a871eb0-1e21-11e7-9df3-939cd20056e7
[INFO  - 2017-04-10T19:12:15.356Z] ShutdownReqHand - _handle - About to shutdown
[INFO  - 2017-04-10T19:12:36.262Z] GhostDriver - Main - running on port 36628
[INFO  - 2017-04-10T19:12:36.575Z] Session [a8600ab0-1e21-11e7-a22b-59d30bc3cdf1] - page.settings - {"XSSAuditingEnabled":false,"javascriptCanCloseWindows":true,"javascriptCanOpenWindows":true,"javascriptEnabled":true,"loadImages":true,"localToRemoteUrlAccessEnabled":false,"userAgent":"Mozilla/5.0 (Windows NT 6.2; WOW64) AppleWebKit/538.1 (KHTML, like Gecko) PhantomJS/2.1.1 Safari/538.1","webSecurityEnabled":true}
[INFO  - 2017-04-10T19:12:36.575Z] Session [a8600ab0-1e21-11e7-a22b-59d30bc3cdf1] - page.customHeaders:  - {}
[INFO  - 2017-04-10T19:12:36.575Z] Session [a8600ab0-1e21-11e7-a22b-59d30bc3cdf1] - Session.negotiatedCapabilities - {"browserName":"phantomjs","version":"2.1.1","driverName":"ghostdriver","driverVersion":"1.2.0","platform":"windows-10-32bit","javascriptEnabled":true,"takesScreenshot":true,"handlesAlerts":false,"databaseEnabled":false,"locationContextEnabled":false,"applicationCacheEnabled":false,"browserConnectionEnabled":false,"cssSelectorsEnabled":true,"webStorageEnabled":false,"rotatable":false,"acceptSslCerts":false,"nativeEvents":true,"proxy":{"proxyType":"direct"}}
[INFO  - 2017-04-10T19:12:36.575Z] SessionManagerReqHand - _postNewSessionCommand - New Session Created: a8600ab0-1e21-11e7-a22b-59d30bc3cdf1
[INFO  - 2017-04-10T19:12:37.475Z] ShutdownReqHand - _handle - About to shutdown
[INFO  - 2017-04-10T19:13:05.330Z] GhostDriver - Main - running on port 23479
[INFO  - 2017-04-10T19:13:06.103Z] Session [b9f95a10-1e21-11e7-9fd1-0ddf6dc60313] - page.settings - {"XSSAuditingEnabled":false,"javascriptCanCloseWindows":true,"javascriptCanOpenWindows":true,"javascriptEnabled":true,"loadImages":true,"localToRemoteUrlAccessEnabled":false,"userAgent":"Mozilla/5.0 (Windows NT 6.2; WOW64) AppleWebKit/538.1 (KHTML, like Gecko) PhantomJS/2.1.1 Safari/538.1","webSecurityEnabled":true}
[INFO  - 2017-04-10T19:13:06.103Z] Session [b9f95a10-1e21-11e7-9fd1-0ddf6dc60313] - page.customHeaders:  - {}
[INFO  - 2017-04-10T19:13:06.103Z] Session [b9f95a10-1e21-11e7-9fd1-0ddf6dc60313] - Session.negotiatedCapabilities - {"browserName":"phantomjs","version":"2.1.1","driverName":"ghostdriver","driverVersion":"1.2.0","platform":"windows-10-32bit","javascriptEnabled":true,"takesScreenshot":true,"handlesAlerts":false,"databaseEnabled":false,"locationContextEnabled":false,"applicationCacheEnabled":false,"browserConnectionEnabled":false,"cssSelectorsEnabled":true,"webStorageEnabled":false,"rotatable":false,"acceptSslCerts":false,"nativeEvents":true,"proxy":{"proxyType":"direct"}}
[INFO  - 2017-04-10T19:13:06.104Z] SessionManagerReqHand - _postNewSessionCommand - New Session Created: b9f95a10-1e21-11e7-9fd1-0ddf6dc60313
[INFO  - 2017-04-10T19:13:06.881Z] ShutdownReqHand - _handle - About to shutdown
[INFO  - 2017-04-10T19:13:54.632Z] GhostDriver - Main - running on port 8775
[INFO  - 2017-04-10T19:13:55.371Z] Session [d7570d50-1e21-11e7-b89b-1796fdb28f85] - page.settings - {"XSSAuditingEnabled":false,"javascriptCanCloseWindows":true,"javascriptCanOpenWindows":true,"javascriptEnabled":true,"loadImages":true,"localToRemoteUrlAccessEnabled":false,"userAgent":"Mozilla/5.0 (Windows NT 6.2; WOW64) AppleWebKit/538.1 (KHTML, like Gecko) PhantomJS/2.1.1 Safari/538.1","webSecurityEnabled":true}
[INFO  - 2017-04-10T19:13:55.371Z] Session [d7570d50-1e21-11e7-b89b-1796fdb28f85] - page.customHeaders:  - {}
[INFO  - 2017-04-10T19:13:55.371Z] Session [d7570d50-1e21-11e7-b89b-1796fdb28f85] - Session.negotiatedCapabilities - {"browserName":"phantomjs","version":"2.1.1","driverName":"ghostdriver","driverVersion":"1.2.0","platform":"windows-10-32bit","javascriptEnabled":true,"takesScreenshot":true,"handlesAlerts":false,"databaseEnabled":false,"locationContextEnabled":false,"applicationCacheEnabled":false,"browserConnectionEnabled":false,"cssSelectorsEnabled":true,"webStorageEnabled":false,"rotatable":false,"acceptSslCerts":false,"nativeEvents":true,"proxy":{"proxyType":"direct"}}
[INFO  - 2017-04-10T19:13:55.371Z] SessionManagerReqHand - _postNewSessionCommand - New Session Created: d7570d50-1e21-11e7-b89b-1796fdb28f85
[INFO  - 2017-04-10T19:13:56.282Z] ShutdownReqHand - _handle - About to shutdown
[INFO  - 2017-04-10T19:16:44.754Z] GhostDriver - Main - running on port 42985
[INFO  - 2017-04-10T19:16:45.039Z] Session [3c787ca0-1e22-11e7-bb0e-4deba60b5502] - page.settings - {"XSSAuditingEnabled":false,"javascriptCanCloseWindows":true,"javascriptCanOpenWindows":true,"javascriptEnabled":true,"loadImages":true,"localToRemoteUrlAccessEnabled":false,"userAgent":"Mozilla/5.0 (Windows NT 6.2; WOW64) AppleWebKit/538.1 (KHTML, like Gecko) PhantomJS/2.1.1 Safari/538.1","webSecurityEnabled":true}
[INFO  - 2017-04-10T19:16:45.039Z] Session [3c787ca0-1e22-11e7-bb0e-4deba60b5502] - page.customHeaders:  - {}
[INFO  - 2017-04-10T19:16:45.039Z] Session [3c787ca0-1e22-11e7-bb0e-4deba60b5502] - Session.negotiatedCapabilities - {"browserName":"phantomjs","version":"2.1.1","driverName":"ghostdriver","driverVersion":"1.2.0","platform":"windows-10-32bit","javascriptEnabled":true,"takesScreenshot":true,"handlesAlerts":false,"databaseEnabled":false,"locationContextEnabled":false,"applicationCacheEnabled":false,"browserConnectionEnabled":false,"cssSelectorsEnabled":true,"webStorageEnabled":false,"rotatable":false,"acceptSslCerts":false,"nativeEvents":true,"proxy":{"proxyType":"direct"}}
[INFO  - 2017-04-10T19:16:45.039Z] SessionManagerReqHand - _postNewSessionCommand - New Session Created: 3c787ca0-1e22-11e7-bb0e-4deba60b5502
[INFO  - 2017-04-10T19:16:47.311Z] ShutdownReqHand - _handle - About to shutdown
[INFO  - 2017-04-10T19:57:00.449Z] GhostDriver - Main - running on port 45375
[INFO  - 2017-04-10T19:57:00.720Z] Session [dc5427b0-1e27-11e7-a459-65f1ba6f2276] - page.settings - {"XSSAuditingEnabled":false,"javascriptCanCloseWindows":true,"javascriptCanOpenWindows":true,"javascriptEnabled":true,"loadImages":true,"localToRemoteUrlAccessEnabled":false,"userAgent":"Mozilla/5.0 (Windows NT 6.2; WOW64) AppleWebKit/538.1 (KHTML, like Gecko) PhantomJS/2.1.1 Safari/538.1","webSecurityEnabled":true}
[INFO  - 2017-04-10T19:57:00.720Z] Session [dc5427b0-1e27-11e7-a459-65f1ba6f2276] - page.customHeaders:  - {}
[INFO  - 2017-04-10T19:57:00.720Z] Session [dc5427b0-1e27-11e7-a459-65f1ba6f2276] - Session.negotiatedCapabilities - {"browserName":"phantomjs","version":"2.1.1","driverName":"ghostdriver","driverVersion":"1.2.0","platform":"windows-10-32bit","javascriptEnabled":true,"takesScreenshot":true,"handlesAlerts":false,"databaseEnabled":false,"locationContextEnabled":false,"applicationCacheEnabled":false,"browserConnectionEnabled":false,"cssSelectorsEnabled":true,"webStorageEnabled":false,"rotatable":false,"acceptSslCerts":false,"nativeEvents":true,"proxy":{"proxyType":"direct"}}
[INFO  - 2017-04-10T19:57:00.720Z] SessionManagerReqHand - _postNewSessionCommand - New Session Created: dc5427b0-1e27-11e7-a459-65f1ba6f2276
[INFO  - 2017-04-10T19:57:02.813Z] ShutdownReqHand - _handle - About to shutdown
[INFO  - 2017-04-10T19:57:16.077Z] GhostDriver - Main - running on port 5842
[INFO  - 2017-04-10T19:57:16.413Z] Session [e5aede90-1e27-11e7-9b69-e11b0d03bd6a] - page.settings - {"XSSAuditingEnabled":false,"javascriptCanCloseWindows":true,"javascriptCanOpenWindows":true,"javascriptEnabled":true,"loadImages":true,"localToRemoteUrlAccessEnabled":false,"userAgent":"Mozilla/5.0 (Windows NT 6.2; WOW64) AppleWebKit/538.1 (KHTML, like Gecko) PhantomJS/2.1.1 Safari/538.1","webSecurityEnabled":true}
[INFO  - 2017-04-10T19:57:16.413Z] Session [e5aede90-1e27-11e7-9b69-e11b0d03bd6a] - page.customHeaders:  - {}
[INFO  - 2017-04-10T19:57:16.413Z] Session [e5aede90-1e27-11e7-9b69-e11b0d03bd6a] - Session.negotiatedCapabilities - {"browserName":"phantomjs","version":"2.1.1","driverName":"ghostdriver","driverVersion":"1.2.0","platform":"windows-10-32bit","javascriptEnabled":true,"takesScreenshot":true,"handlesAlerts":false,"databaseEnabled":false,"locationContextEnabled":false,"applicationCacheEnabled":false,"browserConnectionEnabled":false,"cssSelectorsEnabled":true,"webStorageEnabled":false,"rotatable":false,"acceptSslCerts":false,"nativeEvents":true,"proxy":{"proxyType":"direct"}}
[INFO  - 2017-04-10T19:57:16.413Z] SessionManagerReqHand - _postNewSessionCommand - New Session Created: e5aede90-1e27-11e7-9b69-e11b0d03bd6a
[ERROR - 2017-04-10T19:57:22.892Z] WebElementLocator - _handleLocateCommand - Element(s) NOT Found: GAVE UP. Search Stop Time: 1491854242875
[ERROR - 2017-04-10T19:57:29.201Z] WebElementLocator - _handleLocateCommand - Element(s) NOT Found: GAVE UP. Search Stop Time: 1491854249184
[INFO  - 2017-04-10T19:57:29.311Z] ShutdownReqHand - _handle - About to shutdown
[INFO  - 2017-04-10T20:00:32.678Z] GhostDriver - Main - running on port 23606
[INFO  - 2017-04-10T20:00:32.941Z] Session [5ad2a990-1e28-11e7-ad03-41ade94fa3d6] - page.settings - {"XSSAuditingEnabled":false,"javascriptCanCloseWindows":true,"javascriptCanOpenWindows":true,"javascriptEnabled":true,"loadImages":true,"localToRemoteUrlAccessEnabled":false,"userAgent":"Mozilla/5.0 (Windows NT 6.2; WOW64) AppleWebKit/538.1 (KHTML, like Gecko) PhantomJS/2.1.1 Safari/538.1","webSecurityEnabled":true}
[INFO  - 2017-04-10T20:00:32.941Z] Session [5ad2a990-1e28-11e7-ad03-41ade94fa3d6] - page.customHeaders:  - {}
[INFO  - 2017-04-10T20:00:32.942Z] Session [5ad2a990-1e28-11e7-ad03-41ade94fa3d6] - Session.negotiatedCapabilities - {"browserName":"phantomjs","version":"2.1.1","driverName":"ghostdriver","driverVersion":"1.2.0","platform":"windows-10-32bit","javascriptEnabled":true,"takesScreenshot":true,"handlesAlerts":false,"databaseEnabled":false,"locationContextEnabled":false,"applicationCacheEnabled":false,"browserConnectionEnabled":false,"cssSelectorsEnabled":true,"webStorageEnabled":false,"rotatable":false,"acceptSslCerts":false,"nativeEvents":true,"proxy":{"proxyType":"direct"}}
[INFO  - 2017-04-10T20:00:32.942Z] SessionManagerReqHand - _postNewSessionCommand - New Session Created: 5ad2a990-1e28-11e7-ad03-41ade94fa3d6
[ERROR - 2017-04-10T20:00:39.406Z] WebElementLocator - _handleLocateCommand - Element(s) NOT Found: GAVE UP. Search Stop Time: 1491854439374
[INFO  - 2017-04-10T20:05:32.682Z] SessionManagerReqHand - _cleanupWindowlessSessions - Asynchronous Sessions clean-up phase starting NOW
[INFO  - 2017-04-10T20:10:32.683Z] SessionManagerReqHand - _cleanupWindowlessSessions - Asynchronous Sessions clean-up phase starting NOW
[INFO  - 2017-04-10T20:15:32.683Z] SessionManagerReqHand - _cleanupWindowlessSessions - Asynchronous Sessions clean-up phase starting NOW
[INFO  - 2017-04-10T20:20:32.683Z] SessionManagerReqHand - _cleanupWindowlessSessions - Asynchronous Sessions clean-up phase starting NOW
[INFO  - 2017-04-10T20:25:32.683Z] SessionManagerReqHand - _cleanupWindowlessSessions - Asynchronous Sessions clean-up phase starting NOW
[INFO  - 2017-04-10T20:30:32.683Z] SessionManagerReqHand - _cleanupWindowlessSessions - Asynchronous Sessions clean-up phase starting NOW
[INFO  - 2017-04-10T20:35:32.683Z] SessionManagerReqHand - _cleanupWindowlessSessions - Asynchronous Sessions clean-up phase starting NOW
[INFO  - 2017-04-10T20:40:32.683Z] SessionManagerReqHand - _cleanupWindowlessSessions - Asynchronous Sessions clean-up phase starting NOW
[INFO  - 2017-04-10T20:45:32.685Z] SessionManagerReqHand - _cleanupWindowlessSessions - Asynchronous Sessions clean-up phase starting NOW
[INFO  - 2017-04-10T20:50:32.684Z] SessionManagerReqHand - _cleanupWindowlessSessions - Asynchronous Sessions clean-up phase starting NOW
[INFO  - 2017-04-10T20:55:32.684Z] SessionManagerReqHand - _cleanupWindowlessSessions - Asynchronous Sessions clean-up phase starting NOW
[INFO  - 2017-04-10T21:00:32.685Z] SessionManagerReqHand - _cleanupWindowlessSessions - Asynchronous Sessions clean-up phase starting NOW
[INFO  - 2017-04-10T21:05:32.685Z] SessionManagerReqHand - _cleanupWindowlessSessions - Asynchronous Sessions clean-up phase starting NOW
[INFO  - 2017-04-10T21:10:32.684Z] SessionManagerReqHand - _cleanupWindowlessSessions - Asynchronous Sessions clean-up phase starting NOW
[INFO  - 2017-04-10T21:15:32.684Z] SessionManagerReqHand - _cleanupWindowlessSessions - Asynchronous Sessions clean-up phase starting NOW
[INFO  - 2017-04-10T21:20:32.686Z] SessionManagerReqHand - _cleanupWindowlessSessions - Asynchronous Sessions clean-up phase starting NOW
[INFO  - 2017-04-10T21:25:32.685Z] SessionManagerReqHand - _cleanupWindowlessSessions - Asynchronous Sessions clean-up phase starting NOW
[INFO  - 2017-04-10T21:30:32.686Z] SessionManagerReqHand - _cleanupWindowlessSessions - Asynchronous Sessions clean-up phase starting NOW
[INFO  - 2017-04-10T21:35:32.686Z] SessionManagerReqHand - _cleanupWindowlessSessions - Asynchronous Sessions clean-up phase starting NOW
[INFO  - 2017-04-10T21:40:32.686Z] SessionManagerReqHand - _cleanupWindowlessSessions - Asynchronous Sessions clean-up phase starting NOW
[INFO  - 2017-04-10T21:45:32.686Z] SessionManagerReqHand - _cleanupWindowlessSessions - Asynchronous Sessions clean-up phase starting NOW
[INFO  - 2017-04-10T21:50:32.685Z] SessionManagerReqHand - _cleanupWindowlessSessions - Asynchronous Sessions clean-up phase starting NOW
[INFO  - 2017-04-10T21:55:32.686Z] SessionManagerReqHand - _cleanupWindowlessSessions - Asynchronous Sessions clean-up phase starting NOW
[INFO  - 2017-04-10T22:00:32.686Z] SessionManagerReqHand - _cleanupWindowlessSessions - Asynchronous Sessions clean-up phase starting NOW
[INFO  - 2017-04-10T22:05:32.687Z] SessionManagerReqHand - _cleanupWindowlessSessions - Asynchronous Sessions clean-up phase starting NOW
[INFO  - 2017-04-10T22:10:32.686Z] SessionManagerReqHand - _cleanupWindowlessSessions - Asynchronous Sessions clean-up phase starting NOW
[INFO  - 2017-04-10T22:15:32.686Z] SessionManagerReqHand - _cleanupWindowlessSessions - Asynchronous Sessions clean-up phase starting NOW
[INFO  - 2017-04-10T22:20:32.686Z] SessionManagerReqHand - _cleanupWindowlessSessions - Asynchronous Sessions clean-up phase starting NOW
[INFO  - 2017-04-10T22:25:32.687Z] SessionManagerReqHand - _cleanupWindowlessSessions - Asynchronous Sessions clean-up phase starting NOW
[INFO  - 2017-04-10T22:30:32.696Z] SessionManagerReqHand - _cleanupWindowlessSessions - Asynchronous Sessions clean-up phase starting NOW
[INFO  - 2017-04-10T22:35:32.696Z] SessionManagerReqHand - _cleanupWindowlessSessions - Asynchronous Sessions clean-up phase starting NOW
[INFO  - 2017-04-10T22:40:32.696Z] SessionManagerReqHand - _cleanupWindowlessSessions - Asynchronous Sessions clean-up phase starting NOW
[INFO  - 2017-04-10T22:45:32.698Z] SessionManagerReqHand - _cleanupWindowlessSessions - Asynchronous Sessions clean-up phase starting NOW
[INFO  - 2017-04-10T22:50:32.698Z] SessionManagerReqHand - _cleanupWindowlessSessions - Asynchronous Sessions clean-up phase starting NOW
[INFO  - 2017-04-10T22:55:32.697Z] SessionManagerReqHand - _cleanupWindowlessSessions - Asynchronous Sessions clean-up phase starting NOW
[INFO  - 2017-04-10T23:00:32.697Z] SessionManagerReqHand - _cleanupWindowlessSessions - Asynchronous Sessions clean-up phase starting NOW
[INFO  - 2017-04-10T23:05:32.697Z] SessionManagerReqHand - _cleanupWindowlessSessions - Asynchronous Sessions clean-up phase starting NOW
[INFO  - 2017-04-10T23:10:32.697Z] SessionManagerReqHand - _cleanupWindowlessSessions - Asynchronous Sessions clean-up phase starting NOW
[INFO  - 2017-04-10T23:15:32.697Z] SessionManagerReqHand - _cleanupWindowlessSessions - Asynchronous Sessions clean-up phase starting NOW
[INFO  - 2017-04-10T23:20:32.701Z] SessionManagerReqHand - _cleanupWindowlessSessions - Asynchronous Sessions clean-up phase starting NOW
[INFO  - 2017-04-10T23:25:32.701Z] SessionManagerReqHand - _cleanupWindowlessSessions - Asynchronous Sessions clean-up phase starting NOW
[INFO  - 2017-04-10T23:30:32.701Z] SessionManagerReqHand - _cleanupWindowlessSessions - Asynchronous Sessions clean-up phase starting NOW
[INFO  - 2017-04-10T23:35:32.701Z] SessionManagerReqHand - _cleanupWindowlessSessions - Asynchronous Sessions clean-up phase starting NOW
[INFO  - 2017-04-10T23:40:32.701Z] SessionManagerReqHand - _cleanupWindowlessSessions - Asynchronous Sessions clean-up phase starting NOW
[INFO  - 2017-04-10T23:45:32.701Z] SessionManagerReqHand - _cleanupWindowlessSessions - Asynchronous Sessions clean-up phase starting NOW
[INFO  - 2017-04-11T02:46:27.518Z] SessionManagerReqHand - _cleanupWindowlessSessions - Asynchronous Sessions clean-up phase starting NOW
[INFO  - 2017-04-11T06:34:04.885Z] SessionManagerReqHand - _cleanupWindowlessSessions - Asynchronous Sessions clean-up phase starting NOW
[INFO  - 2017-04-11T06:39:03.507Z] SessionManagerReqHand - _cleanupWindowlessSessions - Asynchronous Sessions clean-up phase starting NOW
[INFO  - 2017-04-11T06:44:03.507Z] SessionManagerReqHand - _cleanupWindowlessSessions - Asynchronous Sessions clean-up phase starting NOW
[INFO  - 2017-04-11T06:49:03.508Z] SessionManagerReqHand - _cleanupWindowlessSessions - Asynchronous Sessions clean-up phase starting NOW
[INFO  - 2017-04-11T06:54:03.510Z] SessionManagerReqHand - _cleanupWindowlessSessions - Asynchronous Sessions clean-up phase starting NOW
[INFO  - 2017-04-11T06:59:03.510Z] SessionManagerReqHand - _cleanupWindowlessSessions - Asynchronous Sessions clean-up phase starting NOW
[INFO  - 2017-04-11T07:04:03.510Z] SessionManagerReqHand - _cleanupWindowlessSessions - Asynchronous Sessions clean-up phase starting NOW
[INFO  - 2017-04-11T07:09:03.512Z] SessionManagerReqHand - _cleanupWindowlessSessions - Asynchronous Sessions clean-up phase starting NOW
[INFO  - 2017-04-11T07:14:03.511Z] SessionManagerReqHand - _cleanupWindowlessSessions - Asynchronous Sessions clean-up phase starting NOW
[INFO  - 2017-04-11T07:19:03.512Z] SessionManagerReqHand - _cleanupWindowlessSessions - Asynchronous Sessions clean-up phase starting NOW
[INFO  - 2017-04-11T07:24:03.511Z] SessionManagerReqHand - _cleanupWindowlessSessions - Asynchronous Sessions clean-up phase starting NOW
[INFO  - 2017-04-11T07:29:03.511Z] SessionManagerReqHand - _cleanupWindowlessSessions - Asynchronous Sessions clean-up phase starting NOW
[INFO  - 2017-04-11T07:34:03.512Z] SessionManagerReqHand - _cleanupWindowlessSessions - Asynchronous Sessions clean-up phase starting NOW
eqHand - _cleanupWindowlessSessions - Asynchronous Sessions clean-up phase starting NOW
[INFO  - 2017-04-11T06:54:03.509Z] SessionManagerReqHand - _cleanupWindowlessSessions - Asynchronous Sessions clean-up phase starting NOW
[INFO  - 2017-04-11T06:59:03.510Z] SessionManagerReqHand - _cleanupWindowlessSessions - Asynchronous Sessions clean-up phase starting NOW
[INFO  - 2017-04-11T07:04:03.510Z] SessionManagerReqHand - _cleanupWindowlessSessions - Asynchronous Sessions clean-up phase starting NOW
[INFO  - 2017-04-11T07:09:03.512Z] SessionManagerReqHand - _cleanupWindowlessSessions - Asynchronous Sessions clean-up phase starting NOW
[INFO  - 2017-04-11T07:14:03.511Z] SessionManagerReqHand - _cleanupWindowlessSessions - Asynchronous Sessions clean-up phase starting NOW
[INFO  - 2017-04-11T07:19:03.512Z] SessionManagerReqHand - _cleanupWindowlessSessions - Asynchronous Sessions clean-up phase starting NOW
[INFO  - 2017-04-11T07:24:03.513Z] SessionManagerReqHand - _cleanupWindowlessSessions - Asynchronous Sessions clean-up phase starting NOW
[INFO  - 2017-04-11T07:29:03.511Z] SessionManagerReqHand - _cleanupWindowlessSessions - Asynchronous Sessions clean-up phase starting NOW
[INFO  - 2017-04-11T07:34:03.513Z] SessionManagerReqHand - _cleanupWindowlessSessions - Asynchronous Sessions clean-up phase starting NOW
eqHand - _cleanupWindowlessSessions - Asynchronous Sessions clean-up phase starting NOW
[INFO  - 2017-04-11T06:49:03.508Z] SessionManagerReqHand - _cleanupWindowlessSessions - Asynchronous Sessions clean-up phase starting NOW
[INFO  - 2017-04-11T06:54:03.509Z] SessionManagerReqHand - _cleanupWindowlessSessions - Asynchronous Sessions clean-up phase starting NOW
[INFO  - 2017-04-11T06:59:03.510Z] SessionManagerReqHand - _cleanupWindowlessSessions - Asynchronous Sessions clean-up phase starting NOW
[INFO  - 2017-04-11T07:04:03.509Z] SessionManagerReqHand - _cleanupWindowlessSessions - Asynchronous Sessions clean-up phase starting NOW
[INFO  - 2017-04-11T07:09:03.512Z] SessionManagerReqHand - _cleanupWindowlessSessions - Asynchronous Sessions clean-up phase starting NOW
[INFO  - 2017-04-11T07:14:03.511Z] SessionManagerReqHand - _cleanupWindowlessSessions - Asynchronous Sessions clean-up phase starting NOW
[INFO  - 2017-04-11T07:19:03.512Z] SessionManagerReqHand - _cleanupWindowlessSessions - Asynchronous Sessions clean-up phase starting NOW
[INFO  - 2017-04-11T07:24:03.513Z] SessionManagerReqHand - _cleanupWindowlessSessions - Asynchronous Sessions clean-up phase starting NOW
[INFO  - 2017-04-11T07:29:03.511Z] SessionManagerReqHand - _cleanupWindowlessSessions - Asynchronous Sessions clean-up phase starting NOW
[INFO  - 2017-04-11T07:34:03.513Z] SessionManagerReqHand - _cleanupWindowlessSessions - Asynchronous Sessions clean-up phase starting NOW
f] - Session.negotiatedCapabilities - {"browserName":"phantomjs","version":"2.1.1","driverName":"ghostdriver","driverVersion":"1.2.0","platform":"windows-10-32bit","javascriptEnabled":true,"takesScreenshot":true,"handlesAlerts":false,"databaseEnabled":false,"locationContextEnabled":false,"applicationCacheEnabled":false,"browserConnectionEnabled":false,"cssSelectorsEnabled":true,"webStorageEnabled":false,"rotatable":false,"acceptSslCerts":false,"nativeEvents":true,"proxy":{"proxyType":"direct"}}
[INFO  - 2017-04-10T20:22:22.176Z] SessionManagerReqHand - _postNewSessionCommand - New Session Created: 672e8b20-1e2b-11e7-9448-e7a9608b93ef
[INFO  - 2017-04-10T20:22:24.280Z] ShutdownReqHand - _handle - About to shutdown
[INFO  - 2017-04-10T20:24:01.587Z] GhostDriver - Main - running on port 35611
[INFO  - 2017-04-10T20:24:01.926Z] Session [a2a4b620-1e2b-11e7-954c-9d221f09855f] - page.settings - {"XSSAuditingEnabled":false,"javascriptCanCloseWindows":true,"javascriptCanOpenWindows":true,"javascriptEnabled":true,"loadImages":true,"localToRemoteUrlAccessEnabled":false,"userAgent":"Mozilla/5.0 (Windows NT 6.2; WOW64) AppleWebKit/538.1 (KHTML, like Gecko) PhantomJS/2.1.1 Safari/538.1","webSecurityEnabled":true}
[INFO  - 2017-04-10T20:24:01.926Z] Session [a2a4b620-1e2b-11e7-954c-9d221f09855f] - page.customHeaders:  - {}
[INFO  - 2017-04-10T20:24:01.927Z] Session [a2a4b620-1e2b-11e7-954c-9d221f09855f] - Session.negotiatedCapabilities - {"browserName":"phantomjs","version":"2.1.1","driverName":"ghostdriver","driverVersion":"1.2.0","platform":"windows-10-32bit","javascriptEnabled":true,"takesScreenshot":true,"handlesAlerts":false,"databaseEnabled":false,"locationContextEnabled":false,"applicationCacheEnabled":false,"browserConnectionEnabled":false,"cssSelectorsEnabled":true,"webStorageEnabled":false,"rotatable":false,"acceptSslCerts":false,"nativeEvents":true,"proxy":{"proxyType":"direct"}}
[INFO  - 2017-04-10T20:24:01.927Z] SessionManagerReqHand - _postNewSessionCommand - New Session Created: a2a4b620-1e2b-11e7-954c-9d221f09855f
[ERROR - 2017-04-10T20:24:09.728Z] WebElementLocator - _handleLocateCommand - Element(s) NOT Found: GAVE UP. Search Stop Time: 1491855849687
[INFO  - 2017-04-10T20:24:09.889Z] ShutdownReqHand - _handle - About to shutdown
[INFO  - 2017-04-10T20:24:11.864Z] GhostDriver - Main - running on port 8426
[INFO  - 2017-04-10T20:24:12.053Z] Session [a8ac2350-1e2b-11e7-bcad-29308b064274] - page.settings - {"XSSAuditingEnabled":false,"javascriptCanCloseWindows":true,"javascriptCanOpenWindows":true,"javascriptEnabled":true,"loadImages":true,"localToRemoteUrlAccessEnabled":false,"userAgent":"Mozilla/5.0 (Windows NT 6.2; WOW64) AppleWebKit/538.1 (KHTML, like Gecko) PhantomJS/2.1.1 Safari/538.1","webSecurityEnabled":true}
[INFO  - 2017-04-10T20:24:12.053Z] Session [a8ac2350-1e2b-11e7-bcad-29308b064274] - page.customHeaders:  - {}
[INFO  - 2017-04-10T20:24:12.054Z] Session [a8ac2350-1e2b-11e7-bcad-29308b064274] - Session.negotiatedCapabilities - {"browserName":"phantomjs","version":"2.1.1","driverName":"ghostdriver","driverVersion":"1.2.0","platform":"windows-10-32bit","javascriptEnabled":true,"takesScreenshot":true,"handlesAlerts":false,"databaseEnabled":false,"locationContextEnabled":false,"applicationCacheEnabled":false,"browserConnectionEnabled":false,"cssSelectorsEnabled":true,"webStorageEnabled":false,"rotatable":false,"acceptSslCerts":false,"nativeEvents":true,"proxy":{"proxyType":"direct"}}
[INFO  - 2017-04-10T20:24:12.054Z] SessionManagerReqHand - _postNewSessionCommand - New Session Created: a8ac2350-1e2b-11e7-bcad-29308b064274
[INFO  - 2017-04-10T20:24:14.283Z] ShutdownReqHand - _handle - About to shutdown
[INFO  - 2017-04-10T20:24:53.757Z] GhostDriver - Main - running on port 43843
[INFO  - 2017-04-10T20:24:54.074Z] Session [c1b9dd60-1e2b-11e7-995e-6f830d2daa48] - page.settings - {"XSSAuditingEnabled":false,"javascriptCanCloseWindows":true,"javascriptCanOpenWindows":true,"javascriptEnabled":true,"loadImages":true,"localToRemoteUrlAccessEnabled":false,"userAgent":"Mozilla/5.0 (Windows NT 6.2; WOW64) AppleWebKit/538.1 (KHTML, like Gecko) PhantomJS/2.1.1 Safari/538.1","webSecurityEnabled":true}
[INFO  - 2017-04-10T20:24:54.074Z] Session [c1b9dd60-1e2b-11e7-995e-6f830d2daa48] - page.customHeaders:  - {}
[INFO  - 2017-04-10T20:24:54.075Z] Session [c1b9dd60-1e2b-11e7-995e-6f830d2daa48] - Session.negotiatedCapabilities - {"browserName":"phantomjs","version":"2.1.1","driverName":"ghostdriver","driverVersion":"1.2.0","platform":"windows-10-32bit","javascriptEnabled":true,"takesScreenshot":true,"handlesAlerts":false,"databaseEnabled":false,"locationContextEnabled":false,"applicationCacheEnabled":false,"browserConnectionEnabled":false,"cssSelectorsEnabled":true,"webStorageEnabled":false,"rotatable":false,"acceptSslCerts":false,"nativeEvents":true,"proxy":{"proxyType":"direct"}}
[INFO  - 2017-04-10T20:24:54.075Z] SessionManagerReqHand - _postNewSessionCommand - New Session Created: c1b9dd60-1e2b-11e7-995e-6f830d2daa48
[ERROR - 2017-04-10T20:25:01.734Z] WebElementLocator - _handleLocateCommand - Element(s) NOT Found: GAVE UP. Search Stop Time: 1491855901702
[INFO  - 2017-04-10T20:25:01.879Z] ShutdownReqHand - _handle - About to shutdown
[INFO  - 2017-04-10T20:25:03.902Z] GhostDriver - Main - running on port 40155
[INFO  - 2017-04-10T20:25:04.086Z] Session [c7b05aa0-1e2b-11e7-92d8-addb71e1bac0] - page.settings - {"XSSAuditingEnabled":false,"javascriptCanCloseWindows":true,"javascriptCanOpenWindows":true,"javascriptEnabled":true,"loadImages":true,"localToRemoteUrlAccessEnabled":false,"userAgent":"Mozilla/5.0 (Windows NT 6.2; WOW64) AppleWebKit/538.1 (KHTML, like Gecko) PhantomJS/2.1.1 Safari/538.1","webSecurityEnabled":true}
[INFO  - 2017-04-10T20:25:04.086Z] Session [c7b05aa0-1e2b-11e7-92d8-addb71e1bac0] - page.customHeaders:  - {}
[INFO  - 2017-04-10T20:25:04.086Z] Session [c7b05aa0-1e2b-11e7-92d8-addb71e1bac0] - Session.negotiatedCapabilities - {"browserName":"phantomjs","version":"2.1.1","driverName":"ghostdriver","driverVersion":"1.2.0","platform":"windows-10-32bit","javascriptEnabled":true,"takesScreenshot":true,"handlesAlerts":false,"databaseEnabled":false,"locationContextEnabled":false,"applicationCacheEnabled":false,"browserConnectionEnabled":false,"cssSelectorsEnabled":true,"webStorageEnabled":false,"rotatable":false,"acceptSslCerts":false,"nativeEvents":true,"proxy":{"proxyType":"direct"}}
[INFO  - 2017-04-10T20:25:04.086Z] SessionManagerReqHand - _postNewSessionCommand - New Session Created: c7b05aa0-1e2b-11e7-92d8-addb71e1bac0
[INFO  - 2017-04-10T20:25:06.246Z] ShutdownReqHand - _handle - About to shutdown
[INFO  - 2017-04-10T20:26:16.606Z] GhostDriver - Main - running on port 20819
[INFO  - 2017-04-10T20:26:16.934Z] Session [f31d4c20-1e2b-11e7-82a5-cfda993aef77] - page.settings - {"XSSAuditingEnabled":false,"javascriptCanCloseWindows":true,"javascriptCanOpenWindows":true,"javascriptEnabled":true,"loadImages":true,"localToRemoteUrlAccessEnabled":false,"userAgent":"Mozilla/5.0 (Windows NT 6.2; WOW64) AppleWebKit/538.1 (KHTML, like Gecko) PhantomJS/2.1.1 Safari/538.1","webSecurityEnabled":true}
[INFO  - 2017-04-10T20:26:16.934Z] Session [f31d4c20-1e2b-11e7-82a5-cfda993aef77] - page.customHeaders:  - {}
[INFO  - 2017-04-10T20:26:16.934Z] Session [f31d4c20-1e2b-11e7-82a5-cfda993aef77] - Session.negotiatedCapabilities - {"browserName":"phantomjs","version":"2.1.1","driverName":"ghostdriver","driverVersion":"1.2.0","platform":"windows-10-32bit","javascriptEnabled":true,"takesScreenshot":true,"handlesAlerts":false,"databaseEnabled":false,"locationContextEnabled":false,"applicationCacheEnabled":false,"browserConnectionEnabled":false,"cssSelectorsEnabled":true,"webStorageEnabled":false,"rotatable":false,"acceptSslCerts":false,"nativeEvents":true,"proxy":{"proxyType":"direct"}}
[INFO  - 2017-04-10T20:26:16.934Z] SessionManagerReqHand - _postNewSessionCommand - New Session Created: f31d4c20-1e2b-11e7-82a5-cfda993aef77
[ERROR - 2017-04-10T20:26:24.484Z] WebElementLocator - _handleLocateCommand - Element(s) NOT Found: GAVE UP. Search Stop Time: 1491855984436
[INFO  - 2017-04-10T20:26:24.627Z] ShutdownReqHand - _handle - About to shutdown
[INFO  - 2017-04-10T20:26:26.683Z] GhostDriver - Main - running on port 27953
[INFO  - 2017-04-10T20:26:26.854Z] Session [f905e6b0-1e2b-11e7-8e9d-61506cb615dc] - page.settings - {"XSSAuditingEnabled":false,"javascriptCanCloseWindows":true,"javascriptCanOpenWindows":true,"javascriptEnabled":true,"loadImages":true,"localToRemoteUrlAccessEnabled":false,"userAgent":"Mozilla/5.0 (Windows NT 6.2; WOW64) AppleWebKit/538.1 (KHTML, like Gecko) PhantomJS/2.1.1 Safari/538.1","webSecurityEnabled":true}
[INFO  - 2017-04-10T20:26:26.854Z] Session [f905e6b0-1e2b-11e7-8e9d-61506cb615dc] - page.customHeaders:  - {}
[INFO  - 2017-04-10T20:26:26.854Z] Session [f905e6b0-1e2b-11e7-8e9d-61506cb615dc] - Session.negotiatedCapabilities - {"browserName":"phantomjs","version":"2.1.1","driverName":"ghostdriver","driverVersion":"1.2.0","platform":"windows-10-32bit","javascriptEnabled":true,"takesScreenshot":true,"handlesAlerts":false,"databaseEnabled":false,"locationContextEnabled":false,"applicationCacheEnabled":false,"browserConnectionEnabled":false,"cssSelectorsEnabled":true,"webStorageEnabled":false,"rotatable":false,"acceptSslCerts":false,"nativeEvents":true,"proxy":{"proxyType":"direct"}}
[INFO  - 2017-04-10T20:26:26.855Z] SessionManagerReqHand - _postNewSessionCommand - New Session Created: f905e6b0-1e2b-11e7-8e9d-61506cb615dc
[INFO  - 2017-04-10T20:26:28.668Z] ShutdownReqHand - _handle - About to shutdown
[INFO  - 2017-04-10T20:28:01.196Z] GhostDriver - Main - running on port 26434
[INFO  - 2017-04-10T20:28:01.499Z] Session [3170a670-1e2c-11e7-96b0-b95b0eaa1e8a] - page.settings - {"XSSAuditingEnabled":false,"javascriptCanCloseWindows":true,"javascriptCanOpenWindows":true,"javascriptEnabled":true,"loadImages":true,"localToRemoteUrlAccessEnabled":false,"userAgent":"Mozilla/5.0 (Windows NT 6.2; WOW64) AppleWebKit/538.1 (KHTML, like Gecko) PhantomJS/2.1.1 Safari/538.1","webSecurityEnabled":true}
[INFO  - 2017-04-10T20:28:01.500Z] Session [3170a670-1e2c-11e7-96b0-b95b0eaa1e8a] - page.customHeaders:  - {}
[INFO  - 2017-04-10T20:28:01.500Z] Session [3170a670-1e2c-11e7-96b0-b95b0eaa1e8a] - Session.negotiatedCapabilities - {"browserName":"phantomjs","version":"2.1.1","driverName":"ghostdriver","driverVersion":"1.2.0","platform":"windows-10-32bit","javascriptEnabled":true,"takesScreenshot":true,"handlesAlerts":false,"databaseEnabled":false,"locationContextEnabled":false,"applicationCacheEnabled":false,"browserConnectionEnabled":false,"cssSelectorsEnabled":true,"webStorageEnabled":false,"rotatable":false,"acceptSslCerts":false,"nativeEvents":true,"proxy":{"proxyType":"direct"}}
[INFO  - 2017-04-10T20:28:01.500Z] SessionManagerReqHand - _postNewSessionCommand - New Session Created: 3170a670-1e2c-11e7-96b0-b95b0eaa1e8a
[ERROR - 2017-04-10T20:28:09.385Z] WebElementLocator - _handleLocateCommand - Element(s) NOT Found: GAVE UP. Search Stop Time: 1491856089311
[INFO  - 2017-04-10T20:28:09.516Z] ShutdownReqHand - _handle - About to shutdown
[INFO  - 2017-04-10T20:28:12.038Z] GhostDriver - Main - running on port 37658
[INFO  - 2017-04-10T20:28:12.200Z] Session [37cff7a0-1e2c-11e7-b6d7-abe8c6694d16] - page.settings - {"XSSAuditingEnabled":false,"javascriptCanCloseWindows":true,"javascriptCanOpenWindows":true,"javascriptEnabled":true,"loadImages":true,"localToRemoteUrlAccessEnabled":false,"userAgent":"Mozilla/5.0 (Windows NT 6.2; WOW64) AppleWebKit/538.1 (KHTML, like Gecko) PhantomJS/2.1.1 Safari/538.1","webSecurityEnabled":true}
[INFO  - 2017-04-10T20:28:12.200Z] Session [37cff7a0-1e2c-11e7-b6d7-abe8c6694d16] - page.customHeaders:  - {}
[INFO  - 2017-04-10T20:28:12.201Z] Session [37cff7a0-1e2c-11e7-b6d7-abe8c6694d16] - Session.negotiatedCapabilities - {"browserName":"phantomjs","version":"2.1.1","driverName":"ghostdriver","driverVersion":"1.2.0","platform":"windows-10-32bit","javascriptEnabled":true,"takesScreenshot":true,"handlesAlerts":false,"databaseEnabled":false,"locationContextEnabled":false,"applicationCacheEnabled":false,"browserConnectionEnabled":false,"cssSelectorsEnabled":true,"webStorageEnabled":false,"rotatable":false,"acceptSslCerts":false,"nativeEvents":true,"proxy":{"proxyType":"direct"}}
[INFO  - 2017-04-10T20:28:12.201Z] SessionManagerReqHand - _postNewSessionCommand - New Session Created: 37cff7a0-1e2c-11e7-b6d7-abe8c6694d16
[INFO  - 2017-04-10T20:28:14.495Z] ShutdownReqHand - _handle - About to shutdown
[INFO  - 2017-04-10T20:28:41.619Z] GhostDriver - Main - running on port 21437
[INFO  - 2017-04-10T20:28:41.841Z] Session [497c59d0-1e2c-11e7-ae59-895840f3b0b2] - page.settings - {"XSSAuditingEnabled":false,"javascriptCanCloseWindows":true,"javascriptCanOpenWindows":true,"javascriptEnabled":true,"loadImages":true,"localToRemoteUrlAccessEnabled":false,"userAgent":"Mozilla/5.0 (Windows NT 6.2; WOW64) AppleWebKit/538.1 (KHTML, like Gecko) PhantomJS/2.1.1 Safari/538.1","webSecurityEnabled":true}
[INFO  - 2017-04-10T20:28:41.841Z] Session [497c59d0-1e2c-11e7-ae59-895840f3b0b2] - page.customHeaders:  - {}
[INFO  - 2017-04-10T20:28:41.841Z] Session [497c59d0-1e2c-11e7-ae59-895840f3b0b2] - Session.negotiatedCapabilities - {"browserName":"phantomjs","version":"2.1.1","driverName":"ghostdriver","driverVersion":"1.2.0","platform":"windows-10-32bit","javascriptEnabled":true,"takesScreenshot":true,"handlesAlerts":false,"databaseEnabled":false,"locationContextEnabled":false,"applicationCacheEnabled":false,"browserConnectionEnabled":false,"cssSelectorsEnabled":true,"webStorageEnabled":false,"rotatable":false,"acceptSslCerts":false,"nativeEvents":true,"proxy":{"proxyType":"direct"}}
[INFO  - 2017-04-10T20:28:41.841Z] SessionManagerReqHand - _postNewSessionCommand - New Session Created: 497c59d0-1e2c-11e7-ae59-895840f3b0b2
[INFO  - 2017-04-10T20:28:43.857Z] ShutdownReqHand - _handle - About to shutdown
[INFO  - 2017-04-10T20:28:45.850Z] GhostDriver - Main - running on port 7845
[INFO  - 2017-04-10T20:28:46.016Z] Session [4bf85650-1e2c-11e7-bb2e-91b2fc2396fe] - page.settings - {"XSSAuditingEnabled":false,"javascriptCanCloseWindows":true,"javascriptCanOpenWindows":true,"javascriptEnabled":true,"loadImages":true,"localToRemoteUrlAccessEnabled":false,"userAgent":"Mozilla/5.0 (Windows NT 6.2; WOW64) AppleWebKit/538.1 (KHTML, like Gecko) PhantomJS/2.1.1 Safari/538.1","webSecurityEnabled":true}
[INFO  - 2017-04-10T20:28:46.017Z] Session [4bf85650-1e2c-11e7-bb2e-91b2fc2396fe] - page.customHeaders:  - {}
[INFO  - 2017-04-10T20:28:46.017Z] Session [4bf85650-1e2c-11e7-bb2e-91b2fc2396fe] - Session.negotiatedCapabilities - {"browserName":"phantomjs","version":"2.1.1","driverName":"ghostdriver","driverVersion":"1.2.0","platform":"windows-10-32bit","javascriptEnabled":true,"takesScreenshot":true,"handlesAlerts":false,"databaseEnabled":false,"locationContextEnabled":false,"applicationCacheEnabled":false,"browserConnectionEnabled":false,"cssSelectorsEnabled":true,"webStorageEnabled":false,"rotatable":false,"acceptSslCerts":false,"nativeEvents":true,"proxy":{"proxyType":"direct"}}
[INFO  - 2017-04-10T20:28:46.017Z] SessionManagerReqHand - _postNewSessionCommand - New Session Created: 4bf85650-1e2c-11e7-bb2e-91b2fc2396fe
[INFO  - 2017-04-10T20:28:47.815Z] ShutdownReqHand - _handle - About to shutdown
[INFO  - 2017-04-10T20:33:01.262Z] GhostDriver - Main - running on port 45737
[INFO  - 2017-04-10T20:33:01.430Z] Session [e4367d20-1e2c-11e7-bf8c-f1cfd6bf99ff] - page.settings - {"XSSAuditingEnabled":false,"javascriptCanCloseWindows":true,"javascriptCanOpenWindows":true,"javascriptEnabled":true,"loadImages":true,"localToRemoteUrlAccessEnabled":false,"userAgent":"Mozilla/5.0 (Windows NT 6.2; WOW64) AppleWebKit/538.1 (KHTML, like Gecko) PhantomJS/2.1.1 Safari/538.1","webSecurityEnabled":true}
[INFO  - 2017-04-10T20:33:01.430Z] Session [e4367d20-1e2c-11e7-bf8c-f1cfd6bf99ff] - page.customHeaders:  - {}
[INFO  - 2017-04-10T20:33:01.431Z] Session [e4367d20-1e2c-11e7-bf8c-f1cfd6bf99ff] - Session.negotiatedCapabilities - {"browserName":"phantomjs","version":"2.1.1","driverName":"ghostdriver","driverVersion":"1.2.0","platform":"windows-10-32bit","javascriptEnabled":true,"takesScreenshot":true,"handlesAlerts":false,"databaseEnabled":false,"locationContextEnabled":false,"applicationCacheEnabled":false,"browserConnectionEnabled":false,"cssSelectorsEnabled":true,"webStorageEnabled":false,"rotatable":false,"acceptSslCerts":false,"nativeEvents":true,"proxy":{"proxyType":"direct"}}
[INFO  - 2017-04-10T20:33:01.431Z] SessionManagerReqHand - _postNewSessionCommand - New Session Created: e4367d20-1e2c-11e7-bf8c-f1cfd6bf99ff
[INFO  - 2017-04-10T20:33:03.296Z] ShutdownReqHand - _handle - About to shutdown
[INFO  - 2017-04-10T20:33:05.291Z] GhostDriver - Main - running on port 20696
[INFO  - 2017-04-10T20:33:05.477Z] Session [e69de030-1e2c-11e7-a7d2-e5048136d967] - page.settings - {"XSSAuditingEnabled":false,"javascriptCanCloseWindows":true,"javascriptCanOpenWindows":true,"javascriptEnabled":true,"loadImages":true,"localToRemoteUrlAccessEnabled":false,"userAgent":"Mozilla/5.0 (Windows NT 6.2; WOW64) AppleWebKit/538.1 (KHTML, like Gecko) PhantomJS/2.1.1 Safari/538.1","webSecurityEnabled":true}
[INFO  - 2017-04-10T20:33:05.478Z] Session [e69de030-1e2c-11e7-a7d2-e5048136d967] - page.customHeaders:  - {}
[INFO  - 2017-04-10T20:33:05.478Z] Session [e69de030-1e2c-11e7-a7d2-e5048136d967] - Session.negotiatedCapabilities - {"browserName":"phantomjs","version":"2.1.1","driverName":"ghostdriver","driverVersion":"1.2.0","platform":"windows-10-32bit","javascriptEnabled":true,"takesScreenshot":true,"handlesAlerts":false,"databaseEnabled":false,"locationContextEnabled":false,"applicationCacheEnabled":false,"browserConnectionEnabled":false,"cssSelectorsEnabled":true,"webStorageEnabled":false,"rotatable":false,"acceptSslCerts":false,"nativeEvents":true,"proxy":{"proxyType":"direct"}}
[INFO  - 2017-04-10T20:33:05.479Z] SessionManagerReqHand - _postNewSessionCommand - New Session Created: e69de030-1e2c-11e7-a7d2-e5048136d967
[INFO  - 2017-04-10T20:33:07.464Z] ShutdownReqHand - _handle - About to shutdown
[INFO  - 2017-04-10T20:35:47.478Z] GhostDriver - Main - running on port 36682
[INFO  - 2017-04-10T20:35:47.737Z] Session [4756c540-1e2d-11e7-846f-ed73c1183cd3] - page.settings - {"XSSAuditingEnabled":false,"javascriptCanCloseWindows":true,"javascriptCanOpenWindows":true,"javascriptEnabled":true,"loadImages":true,"localToRemoteUrlAccessEnabled":false,"userAgent":"Mozilla/5.0 (Windows NT 6.2; WOW64) AppleWebKit/538.1 (KHTML, like Gecko) PhantomJS/2.1.1 Safari/538.1","webSecurityEnabled":true}
[INFO  - 2017-04-10T20:35:47.737Z] Session [4756c540-1e2d-11e7-846f-ed73c1183cd3] - page.customHeaders:  - {}
[INFO  - 2017-04-10T20:35:47.737Z] Session [4756c540-1e2d-11e7-846f-ed73c1183cd3] - Session.negotiatedCapabilities - {"browserName":"phantomjs","version":"2.1.1","driverName":"ghostdriver","driverVersion":"1.2.0","platform":"windows-10-32bit","javascriptEnabled":true,"takesScreenshot":true,"handlesAlerts":false,"databaseEnabled":false,"locationContextEnabled":false,"applicationCacheEnabled":false,"browserConnectionEnabled":false,"cssSelectorsEnabled":true,"webStorageEnabled":false,"rotatable":false,"acceptSslCerts":false,"nativeEvents":true,"proxy":{"proxyType":"direct"}}
[INFO  - 2017-04-10T20:35:47.737Z] SessionManagerReqHand - _postNewSessionCommand - New Session Created: 4756c540-1e2d-11e7-846f-ed73c1183cd3
[ERROR - 2017-04-10T20:35:54.733Z] WebElementLocator - _handleLocateCommand - Element(s) NOT Found: GAVE UP. Search Stop Time: 1491856554667
[INFO  - 2017-04-10T20:35:55.955Z] ShutdownReqHand - _handle - About to shutdown
[INFO  - 2017-04-10T20:35:57.961Z] GhostDriver - Main - running on port 11413
[INFO  - 2017-04-10T20:35:58.128Z] Session [4d8828a0-1e2d-11e7-be9e-73ed09885d2a] - page.settings - {"XSSAuditingEnabled":false,"javascriptCanCloseWindows":true,"javascriptCanOpenWindows":true,"javascriptEnabled":true,"loadImages":true,"localToRemoteUrlAccessEnabled":false,"userAgent":"Mozilla/5.0 (Windows NT 6.2; WOW64) AppleWebKit/538.1 (KHTML, like Gecko) PhantomJS/2.1.1 Safari/538.1","webSecurityEnabled":true}
[INFO  - 2017-04-10T20:35:58.128Z] Session [4d8828a0-1e2d-11e7-be9e-73ed09885d2a] - page.customHeaders:  - {}
[INFO  - 2017-04-10T20:35:58.129Z] Session [4d8828a0-1e2d-11e7-be9e-73ed09885d2a] - Session.negotiatedCapabilities - {"browserName":"phantomjs","version":"2.1.1","driverName":"ghostdriver","driverVersion":"1.2.0","platform":"windows-10-32bit","javascriptEnabled":true,"takesScreenshot":true,"handlesAlerts":false,"databaseEnabled":false,"locationContextEnabled":false,"applicationCacheEnabled":false,"browserConnectionEnabled":false,"cssSelectorsEnabled":true,"webStorageEnabled":false,"rotatable":false,"acceptSslCerts":false,"nativeEvents":true,"proxy":{"proxyType":"direct"}}
[INFO  - 2017-04-10T20:35:58.129Z] SessionManagerReqHand - _postNewSessionCommand - New Session Created: 4d8828a0-1e2d-11e7-be9e-73ed09885d2a
[INFO  - 2017-04-10T20:36:00.167Z] ShutdownReqHand - _handle - About to shutdown
[INFO  - 2017-04-10T20:37:49.898Z] GhostDriver - Main - running on port 30118
[INFO  - 2017-04-10T20:37:50.230Z] Session [9059df20-1e2d-11e7-a5bc-af9590086fd4] - page.settings - {"XSSAuditingEnabled":false,"javascriptCanCloseWindows":true,"javascriptCanOpenWindows":true,"javascriptEnabled":true,"loadImages":true,"localToRemoteUrlAccessEnabled":false,"userAgent":"Mozilla/5.0 (Windows NT 6.2; WOW64) AppleWebKit/538.1 (KHTML, like Gecko) PhantomJS/2.1.1 Safari/538.1","webSecurityEnabled":true}
[INFO  - 2017-04-10T20:37:50.230Z] Session [9059df20-1e2d-11e7-a5bc-af9590086fd4] - page.customHeaders:  - {}
[INFO  - 2017-04-10T20:37:50.230Z] Session [9059df20-1e2d-11e7-a5bc-af9590086fd4] - Session.negotiatedCapabilities - {"browserName":"phantomjs","version":"2.1.1","driverName":"ghostdriver","driverVersion":"1.2.0","platform":"windows-10-32bit","javascriptEnabled":true,"takesScreenshot":true,"handlesAlerts":false,"databaseEnabled":false,"locationContextEnabled":false,"applicationCacheEnabled":false,"browserConnectionEnabled":false,"cssSelectorsEnabled":true,"webStorageEnabled":false,"rotatable":false,"acceptSslCerts":false,"nativeEvents":true,"proxy":{"proxyType":"direct"}}
[INFO  - 2017-04-10T20:37:50.231Z] SessionManagerReqHand - _postNewSessionCommand - New Session Created: 9059df20-1e2d-11e7-a5bc-af9590086fd4
[ERROR - 2017-04-10T20:37:57.279Z] WebElementLocator - _handleLocateCommand - Element(s) NOT Found: GAVE UP. Search Stop Time: 1491856677238
[INFO  - 2017-04-10T20:37:58.271Z] ShutdownReqHand - _handle - About to shutdown
[INFO  - 2017-04-10T20:38:00.258Z] GhostDriver - Main - running on port 37785
[INFO  - 2017-04-10T20:38:00.446Z] Session [966ee0e0-1e2d-11e7-9d36-bfc00024dbf3] - page.settings - {"XSSAuditingEnabled":false,"javascriptCanCloseWindows":true,"javascriptCanOpenWindows":true,"javascriptEnabled":true,"loadImages":true,"localToRemoteUrlAccessEnabled":false,"userAgent":"Mozilla/5.0 (Windows NT 6.2; WOW64) AppleWebKit/538.1 (KHTML, like Gecko) PhantomJS/2.1.1 Safari/538.1","webSecurityEnabled":true}
[INFO  - 2017-04-10T20:38:00.446Z] Session [966ee0e0-1e2d-11e7-9d36-bfc00024dbf3] - page.customHeaders:  - {}
[INFO  - 2017-04-10T20:38:00.447Z] Session [966ee0e0-1e2d-11e7-9d36-bfc00024dbf3] - Session.negotiatedCapabilities - {"browserName":"phantomjs","version":"2.1.1","driverName":"ghostdriver","driverVersion":"1.2.0","platform":"windows-10-32bit","javascriptEnabled":true,"takesScreenshot":true,"handlesAlerts":false,"databaseEnabled":false,"locationContextEnabled":false,"applicationCacheEnabled":false,"browserConnectionEnabled":false,"cssSelectorsEnabled":true,"webStorageEnabled":false,"rotatable":false,"acceptSslCerts":false,"nativeEvents":true,"proxy":{"proxyType":"direct"}}
[INFO  - 2017-04-10T20:38:00.447Z] SessionManagerReqHand - _postNewSessionCommand - New Session Created: 966ee0e0-1e2d-11e7-9d36-bfc00024dbf3
[INFO  - 2017-04-10T20:38:02.528Z] ShutdownReqHand - _handle - About to shutdown
[INFO  - 2017-04-10T20:38:28.383Z] GhostDriver - Main - running on port 13112
[INFO  - 2017-04-10T20:38:28.630Z] Session [a73d1810-1e2d-11e7-a4a1-1536c2f6afdc] - page.settings - {"XSSAuditingEnabled":false,"javascriptCanCloseWindows":true,"javascriptCanOpenWindows":true,"javascriptEnabled":true,"loadImages":true,"localToRemoteUrlAccessEnabled":false,"userAgent":"Mozilla/5.0 (Windows NT 6.2; WOW64) AppleWebKit/538.1 (KHTML, like Gecko) PhantomJS/2.1.1 Safari/538.1","webSecurityEnabled":true}
[INFO  - 2017-04-10T20:38:28.630Z] Session [a73d1810-1e2d-11e7-a4a1-1536c2f6afdc] - page.customHeaders:  - {}
[INFO  - 2017-04-10T20:38:28.630Z] Session [a73d1810-1e2d-11e7-a4a1-1536c2f6afdc] - Session.negotiatedCapabilities - {"browserName":"phantomjs","version":"2.1.1","driverName":"ghostdriver","driverVersion":"1.2.0","platform":"windows-10-32bit","javascriptEnabled":true,"takesScreenshot":true,"handlesAlerts":false,"databaseEnabled":false,"locationContextEnabled":false,"applicationCacheEnabled":false,"browserConnectionEnabled":false,"cssSelectorsEnabled":true,"webStorageEnabled":false,"rotatable":false,"acceptSslCerts":false,"nativeEvents":true,"proxy":{"proxyType":"direct"}}
[INFO  - 2017-04-10T20:38:28.630Z] SessionManagerReqHand - _postNewSessionCommand - New Session Created: a73d1810-1e2d-11e7-a4a1-1536c2f6afdc
[INFO  - 2017-04-10T20:38:31.519Z] ShutdownReqHand - _handle - About to shutdown
[INFO  - 2017-04-10T20:38:33.462Z] GhostDriver - Main - running on port 27725
[INFO  - 2017-04-10T20:38:33.635Z] Session [aa37ba70-1e2d-11e7-9aa7-ff1b0a072706] - page.settings - {"XSSAuditingEnabled":false,"javascriptCanCloseWindows":true,"javascriptCanOpenWindows":true,"javascriptEnabled":true,"loadImages":true,"localToRemoteUrlAccessEnabled":false,"userAgent":"Mozilla/5.0 (Windows NT 6.2; WOW64) AppleWebKit/538.1 (KHTML, like Gecko) PhantomJS/2.1.1 Safari/538.1","webSecurityEnabled":true}
[INFO  - 2017-04-10T20:38:33.635Z] Session [aa37ba70-1e2d-11e7-9aa7-ff1b0a072706] - page.customHeaders:  - {}
[INFO  - 2017-04-10T20:38:33.635Z] Session [aa37ba70-1e2d-11e7-9aa7-ff1b0a072706] - Session.negotiatedCapabilities - {"browserName":"phantomjs","version":"2.1.1","driverName":"ghostdriver","driverVersion":"1.2.0","platform":"windows-10-32bit","javascriptEnabled":true,"takesScreenshot":true,"handlesAlerts":false,"databaseEnabled":false,"locationContextEnabled":false,"applicationCacheEnabled":false,"browserConnectionEnabled":false,"cssSelectorsEnabled":true,"webStorageEnabled":false,"rotatable":false,"acceptSslCerts":false,"nativeEvents":true,"proxy":{"proxyType":"direct"}}
[INFO  - 2017-04-10T20:38:33.635Z] SessionManagerReqHand - _postNewSessionCommand - New Session Created: aa37ba70-1e2d-11e7-9aa7-ff1b0a072706
[INFO  - 2017-04-10T20:38:35.779Z] ShutdownReqHand - _handle - About to shutdown
[INFO  - 2017-04-10T20:39:44.473Z] GhostDriver - Main - running on port 9622
[INFO  - 2017-04-10T20:39:44.806Z] Session [d4a4a110-1e2d-11e7-90d4-cd33087c64ca] - page.settings - {"XSSAuditingEnabled":false,"javascriptCanCloseWindows":true,"javascriptCanOpenWindows":true,"javascriptEnabled":true,"loadImages":true,"localToRemoteUrlAccessEnabled":false,"userAgent":"Mozilla/5.0 (Windows NT 6.2; WOW64) AppleWebKit/538.1 (KHTML, like Gecko) PhantomJS/2.1.1 Safari/538.1","webSecurityEnabled":true}
[INFO  - 2017-04-10T20:39:44.806Z] Session [d4a4a110-1e2d-11e7-90d4-cd33087c64ca] - page.customHeaders:  - {}
[INFO  - 2017-04-10T20:39:44.806Z] Session [d4a4a110-1e2d-11e7-90d4-cd33087c64ca] - Session.negotiatedCapabilities - {"browserName":"phantomjs","version":"2.1.1","driverName":"ghostdriver","driverVersion":"1.2.0","platform":"windows-10-32bit","javascriptEnabled":true,"takesScreenshot":true,"handlesAlerts":false,"databaseEnabled":false,"locationContextEnabled":false,"applicationCacheEnabled":false,"browserConnectionEnabled":false,"cssSelectorsEnabled":true,"webStorageEnabled":false,"rotatable":false,"acceptSslCerts":false,"nativeEvents":true,"proxy":{"proxyType":"direct"}}
[INFO  - 2017-04-10T20:39:44.806Z] SessionManagerReqHand - _postNewSessionCommand - New Session Created: d4a4a110-1e2d-11e7-90d4-cd33087c64ca
[INFO  - 2017-04-10T20:39:46.802Z] ShutdownReqHand - _handle - About to shutdown
[INFO  - 2017-04-10T20:39:48.805Z] GhostDriver - Main - running on port 25393
[INFO  - 2017-04-10T20:39:48.986Z] Session [d7204f70-1e2d-11e7-abb8-8f132e16f0f8] - page.settings - {"XSSAuditingEnabled":false,"javascriptCanCloseWindows":true,"javascriptCanOpenWindows":true,"javascriptEnabled":true,"loadImages":true,"localToRemoteUrlAccessEnabled":false,"userAgent":"Mozilla/5.0 (Windows NT 6.2; WOW64) AppleWebKit/538.1 (KHTML, like Gecko) PhantomJS/2.1.1 Safari/538.1","webSecurityEnabled":true}
[INFO  - 2017-04-10T20:39:48.987Z] Session [d7204f70-1e2d-11e7-abb8-8f132e16f0f8] - page.customHeaders:  - {}
[INFO  - 2017-04-10T20:39:48.987Z] Session [d7204f70-1e2d-11e7-abb8-8f132e16f0f8] - Session.negotiatedCapabilities - {"browserName":"phantomjs","version":"2.1.1","driverName":"ghostdriver","driverVersion":"1.2.0","platform":"windows-10-32bit","javascriptEnabled":true,"takesScreenshot":true,"handlesAlerts":false,"databaseEnabled":false,"locationContextEnabled":false,"applicationCacheEnabled":false,"browserConnectionEnabled":false,"cssSelectorsEnabled":true,"webStorageEnabled":false,"rotatable":false,"acceptSslCerts":false,"nativeEvents":true,"proxy":{"proxyType":"direct"}}
[INFO  - 2017-04-10T20:39:48.988Z] SessionManagerReqHand - _postNewSessionCommand - New Session Created: d7204f70-1e2d-11e7-abb8-8f132e16f0f8
[INFO  - 2017-04-10T20:39:51.126Z] ShutdownReqHand - _handle - About to shutdown
[INFO  - 2017-04-10T20:40:23.528Z] GhostDriver - Main - running on port 33764
[INFO  - 2017-04-10T20:40:23.730Z] Session [ebd7a7b0-1e2d-11e7-96b3-65ed83464262] - page.settings - {"XSSAuditingEnabled":false,"javascriptCanCloseWindows":true,"javascriptCanOpenWindows":true,"javascriptEnabled":true,"loadImages":true,"localToRemoteUrlAccessEnabled":false,"userAgent":"Mozilla/5.0 (Windows NT 6.2; WOW64) AppleWebKit/538.1 (KHTML, like Gecko) PhantomJS/2.1.1 Safari/538.1","webSecurityEnabled":true}
[INFO  - 2017-04-10T20:40:23.730Z] Session [ebd7a7b0-1e2d-11e7-96b3-65ed83464262] - page.customHeaders:  - {}
[INFO  - 2017-04-10T20:40:23.730Z] Session [ebd7a7b0-1e2d-11e7-96b3-65ed83464262] - Session.negotiatedCapabilities - {"browserName":"phantomjs","version":"2.1.1","driverName":"ghostdriver","driverVersion":"1.2.0","platform":"windows-10-32bit","javascriptEnabled":true,"takesScreenshot":true,"handlesAlerts":false,"databaseEnabled":false,"locationContextEnabled":false,"applicationCacheEnabled":false,"browserConnectionEnabled":false,"cssSelectorsEnabled":true,"webStorageEnabled":false,"rotatable":false,"acceptSslCerts":false,"nativeEvents":true,"proxy":{"proxyType":"direct"}}
[INFO  - 2017-04-10T20:40:23.730Z] SessionManagerReqHand - _postNewSessionCommand - New Session Created: ebd7a7b0-1e2d-11e7-96b3-65ed83464262
[INFO  - 2017-04-10T20:40:26.210Z] ShutdownReqHand - _handle - About to shutdown
[INFO  - 2017-04-10T20:40:28.448Z] GhostDriver - Main - running on port 38530
[INFO  - 2017-04-10T20:40:28.481Z] Session [eeacc0b0-1e2d-11e7-a723-8341a86e542a] - page.settings - {"XSSAuditingEnabled":false,"javascriptCanCloseWindows":true,"javascriptCanOpenWindows":true,"javascriptEnabled":true,"loadImages":true,"localToRemoteUrlAccessEnabled":false,"userAgent":"Mozilla/5.0 (Windows NT 6.2; WOW64) AppleWebKit/538.1 (KHTML, like Gecko) PhantomJS/2.1.1 Safari/538.1","webSecurityEnabled":true}
[INFO  - 2017-04-10T20:40:28.482Z] Session [eeacc0b0-1e2d-11e7-a723-8341a86e542a] - page.customHeaders:  - {}
[INFO  - 2017-04-10T20:40:28.482Z] Session [eeacc0b0-1e2d-11e7-a723-8341a86e542a] - Session.negotiatedCapabilities - {"browserName":"phantomjs","version":"2.1.1","driverName":"ghostdriver","driverVersion":"1.2.0","platform":"windows-10-32bit","javascriptEnabled":true,"takesScreenshot":true,"handlesAlerts":false,"databaseEnabled":false,"locationContextEnabled":false,"applicationCacheEnabled":false,"browserConnectionEnabled":false,"cssSelectorsEnabled":true,"webStorageEnabled":false,"rotatable":false,"acceptSslCerts":false,"nativeEvents":true,"proxy":{"proxyType":"direct"}}
[INFO  - 2017-04-10T20:40:28.482Z] SessionManagerReqHand - _postNewSessionCommand - New Session Created: eeacc0b0-1e2d-11e7-a723-8341a86e542a
[INFO  - 2017-04-10T20:40:30.520Z] ShutdownReqHand - _handle - About to shutdown
[INFO  - 2017-04-10T20:42:59.450Z] GhostDriver - Main - running on port 5980
[INFO  - 2017-04-10T20:42:59.753Z] Session [48d75550-1e2e-11e7-a100-7d8ec03a91bf] - page.settings - {"XSSAuditingEnabled":false,"javascriptCanCloseWindows":true,"javascriptCanOpenWindows":true,"javascriptEnabled":true,"loadImages":true,"localToRemoteUrlAccessEnabled":false,"userAgent":"Mozilla/5.0 (Windows NT 6.2; WOW64) AppleWebKit/538.1 (KHTML, like Gecko) PhantomJS/2.1.1 Safari/538.1","webSecurityEnabled":true}
[INFO  - 2017-04-10T20:42:59.753Z] Session [48d75550-1e2e-11e7-a100-7d8ec03a91bf] - page.customHeaders:  - {}
[INFO  - 2017-04-10T20:42:59.753Z] Session [48d75550-1e2e-11e7-a100-7d8ec03a91bf] - Session.negotiatedCapabilities - {"browserName":"phantomjs","version":"2.1.1","driverName":"ghostdriver","driverVersion":"1.2.0","platform":"windows-10-32bit","javascriptEnabled":true,"takesScreenshot":true,"handlesAlerts":false,"databaseEnabled":false,"locationContextEnabled":false,"applicationCacheEnabled":false,"browserConnectionEnabled":false,"cssSelectorsEnabled":true,"webStorageEnabled":false,"rotatable":false,"acceptSslCerts":false,"nativeEvents":true,"proxy":{"proxyType":"direct"}}
[INFO  - 2017-04-10T20:42:59.753Z] SessionManagerReqHand - _postNewSessionCommand - New Session Created: 48d75550-1e2e-11e7-a100-7d8ec03a91bf
[INFO  - 2017-04-10T20:43:01.833Z] ShutdownReqHand - _handle - About to shutdown
[INFO  - 2017-04-10T20:43:03.857Z] GhostDriver - Main - running on port 21605
[INFO  - 2017-04-10T20:43:04.014Z] Session [4b604a20-1e2e-11e7-8efb-ad3c4e445abe] - page.settings - {"XSSAuditingEnabled":false,"javascriptCanCloseWindows":true,"javascriptCanOpenWindows":true,"javascriptEnabled":true,"loadImages":true,"localToRemoteUrlAccessEnabled":false,"userAgent":"Mozilla/5.0 (Windows NT 6.2; WOW64) AppleWebKit/538.1 (KHTML, like Gecko) PhantomJS/2.1.1 Safari/538.1","webSecurityEnabled":true}
[INFO  - 2017-04-10T20:43:04.014Z] Session [4b604a20-1e2e-11e7-8efb-ad3c4e445abe] - page.customHeaders:  - {}
[INFO  - 2017-04-10T20:43:04.014Z] Session [4b604a20-1e2e-11e7-8efb-ad3c4e445abe] - Session.negotiatedCapabilities - {"browserName":"phantomjs","version":"2.1.1","driverName":"ghostdriver","driverVersion":"1.2.0","platform":"windows-10-32bit","javascriptEnabled":true,"takesScreenshot":true,"handlesAlerts":false,"databaseEnabled":false,"locationContextEnabled":false,"applicationCacheEnabled":false,"browserConnectionEnabled":false,"cssSelectorsEnabled":true,"webStorageEnabled":false,"rotatable":false,"acceptSslCerts":false,"nativeEvents":true,"proxy":{"proxyType":"direct"}}
[INFO  - 2017-04-10T20:43:04.014Z] SessionManagerReqHand - _postNewSessionCommand - New Session Created: 4b604a20-1e2e-11e7-8efb-ad3c4e445abe
[INFO  - 2017-04-10T20:43:06.046Z] ShutdownReqHand - _handle - About to shutdown
[INFO  - 2017-04-10T20:44:50.274Z] GhostDriver - Main - running on port 48158
[INFO  - 2017-04-10T20:44:50.531Z] Session [8ade8fe0-1e2e-11e7-8bae-53ed88ea67f1] - page.settings - {"XSSAuditingEnabled":false,"javascriptCanCloseWindows":true,"javascriptCanOpenWindows":true,"javascriptEnabled":true,"loadImages":true,"localToRemoteUrlAccessEnabled":false,"userAgent":"Mozilla/5.0 (Windows NT 6.2; WOW64) AppleWebKit/538.1 (KHTML, like Gecko) PhantomJS/2.1.1 Safari/538.1","webSecurityEnabled":true}
[INFO  - 2017-04-10T20:44:50.531Z] Session [8ade8fe0-1e2e-11e7-8bae-53ed88ea67f1] - page.customHeaders:  - {}
[INFO  - 2017-04-10T20:44:50.531Z] Session [8ade8fe0-1e2e-11e7-8bae-53ed88ea67f1] - Session.negotiatedCapabilities - {"browserName":"phantomjs","version":"2.1.1","driverName":"ghostdriver","driverVersion":"1.2.0","platform":"windows-10-32bit","javascriptEnabled":true,"takesScreenshot":true,"handlesAlerts":false,"databaseEnabled":false,"locationContextEnabled":false,"applicationCacheEnabled":false,"browserConnectionEnabled":false,"cssSelectorsEnabled":true,"webStorageEnabled":false,"rotatable":false,"acceptSslCerts":false,"nativeEvents":true,"proxy":{"proxyType":"direct"}}
[INFO  - 2017-04-10T20:44:50.531Z] SessionManagerReqHand - _postNewSessionCommand - New Session Created: 8ade8fe0-1e2e-11e7-8bae-53ed88ea67f1
[INFO  - 2017-04-10T20:44:53.496Z] ShutdownReqHand - _handle - About to shutdown
[INFO  - 2017-04-10T20:44:55.464Z] GhostDriver - Main - running on port 36935
[INFO  - 2017-04-10T20:44:55.622Z] Session [8de6c6d0-1e2e-11e7-815b-391e8c4dfd3f] - page.settings - {"XSSAuditingEnabled":false,"javascriptCanCloseWindows":true,"javascriptCanOpenWindows":true,"javascriptEnabled":true,"loadImages":true,"localToRemoteUrlAccessEnabled":false,"userAgent":"Mozilla/5.0 (Windows NT 6.2; WOW64) AppleWebKit/538.1 (KHTML, like Gecko) PhantomJS/2.1.1 Safari/538.1","webSecurityEnabled":true}
[INFO  - 2017-04-10T20:44:55.622Z] Session [8de6c6d0-1e2e-11e7-815b-391e8c4dfd3f] - page.customHeaders:  - {}
[INFO  - 2017-04-10T20:44:55.622Z] Session [8de6c6d0-1e2e-11e7-815b-391e8c4dfd3f] - Session.negotiatedCapabilities - {"browserName":"phantomjs","version":"2.1.1","driverName":"ghostdriver","driverVersion":"1.2.0","platform":"windows-10-32bit","javascriptEnabled":true,"takesScreenshot":true,"handlesAlerts":false,"databaseEnabled":false,"locationContextEnabled":false,"applicationCacheEnabled":false,"browserConnectionEnabled":false,"cssSelectorsEnabled":true,"webStorageEnabled":false,"rotatable":false,"acceptSslCerts":false,"nativeEvents":true,"proxy":{"proxyType":"direct"}}
[INFO  - 2017-04-10T20:44:55.622Z] SessionManagerReqHand - _postNewSessionCommand - New Session Created: 8de6c6d0-1e2e-11e7-815b-391e8c4dfd3f
[INFO  - 2017-04-10T20:44:57.584Z] ShutdownReqHand - _handle - About to shutdown
[INFO  - 2017-04-10T20:47:11.232Z] GhostDriver - Main - running on port 47735
[INFO  - 2017-04-10T20:47:11.369Z] Session [ded0e350-1e2e-11e7-b9cc-bf1c1d525031] - page.settings - {"XSSAuditingEnabled":false,"javascriptCanCloseWindows":true,"javascriptCanOpenWindows":true,"javascriptEnabled":true,"loadImages":true,"localToRemoteUrlAccessEnabled":false,"userAgent":"Mozilla/5.0 (Windows NT 6.2; WOW64) AppleWebKit/538.1 (KHTML, like Gecko) PhantomJS/2.1.1 Safari/538.1","webSecurityEnabled":true}
[INFO  - 2017-04-10T20:47:11.369Z] Session [ded0e350-1e2e-11e7-b9cc-bf1c1d525031] - page.customHeaders:  - {}
[INFO  - 2017-04-10T20:47:11.369Z] Session [ded0e350-1e2e-11e7-b9cc-bf1c1d525031] - Session.negotiatedCapabilities - {"browserName":"phantomjs","version":"2.1.1","driverName":"ghostdriver","driverVersion":"1.2.0","platform":"windows-10-32bit","javascriptEnabled":true,"takesScreenshot":true,"handlesAlerts":false,"databaseEnabled":false,"locationContextEnabled":false,"applicationCacheEnabled":false,"browserConnectionEnabled":false,"cssSelectorsEnabled":true,"webStorageEnabled":false,"rotatable":false,"acceptSslCerts":false,"nativeEvents":true,"proxy":{"proxyType":"direct"}}
[INFO  - 2017-04-10T20:47:11.370Z] SessionManagerReqHand - _postNewSessionCommand - New Session Created: ded0e350-1e2e-11e7-b9cc-bf1c1d525031
[INFO  - 2017-04-10T20:47:13.571Z] ShutdownReqHand - _handle - About to shutdown
[INFO  - 2017-04-10T20:47:15.569Z] GhostDriver - Main - running on port 3986
[INFO  - 2017-04-10T20:47:15.752Z] Session [e16c27a0-1e2e-11e7-bda1-f12592978097] - page.settings - {"XSSAuditingEnabled":false,"javascriptCanCloseWindows":true,"javascriptCanOpenWindows":true,"javascriptEnabled":true,"loadImages":true,"localToRemoteUrlAccessEnabled":false,"userAgent":"Mozilla/5.0 (Windows NT 6.2; WOW64) AppleWebKit/538.1 (KHTML, like Gecko) PhantomJS/2.1.1 Safari/538.1","webSecurityEnabled":true}
[INFO  - 2017-04-10T20:47:15.752Z] Session [e16c27a0-1e2e-11e7-bda1-f12592978097] - page.customHeaders:  - {}
[INFO  - 2017-04-10T20:47:15.752Z] Session [e16c27a0-1e2e-11e7-bda1-f12592978097] - Session.negotiatedCapabilities - {"browserName":"phantomjs","version":"2.1.1","driverName":"ghostdriver","driverVersion":"1.2.0","platform":"windows-10-32bit","javascriptEnabled":true,"takesScreenshot":true,"handlesAlerts":false,"databaseEnabled":false,"locationContextEnabled":false,"applicationCacheEnabled":false,"browserConnectionEnabled":false,"cssSelectorsEnabled":true,"webStorageEnabled":false,"rotatable":false,"acceptSslCerts":false,"nativeEvents":true,"proxy":{"proxyType":"direct"}}
[INFO  - 2017-04-10T20:47:15.752Z] SessionManagerReqHand - _postNewSessionCommand - New Session Created: e16c27a0-1e2e-11e7-bda1-f12592978097
[INFO  - 2017-04-10T20:47:17.707Z] ShutdownReqHand - _handle - About to shutdown
[INFO  - 2017-04-10T20:51:10.678Z] GhostDriver - Main - running on port 36041
[INFO  - 2017-04-10T20:51:11.016Z] Session [6da7f730-1e2f-11e7-b783-c3ea0b71b2be] - page.settings - {"XSSAuditingEnabled":false,"javascriptCanCloseWindows":true,"javascriptCanOpenWindows":true,"javascriptEnabled":true,"loadImages":true,"localToRemoteUrlAccessEnabled":false,"userAgent":"Mozilla/5.0 (Windows NT 6.2; WOW64) AppleWebKit/538.1 (KHTML, like Gecko) PhantomJS/2.1.1 Safari/538.1","webSecurityEnabled":true}
[INFO  - 2017-04-10T20:51:11.016Z] Session [6da7f730-1e2f-11e7-b783-c3ea0b71b2be] - page.customHeaders:  - {}
[INFO  - 2017-04-10T20:51:11.016Z] Session [6da7f730-1e2f-11e7-b783-c3ea0b71b2be] - Session.negotiatedCapabilities - {"browserName":"phantomjs","version":"2.1.1","driverName":"ghostdriver","driverVersion":"1.2.0","platform":"windows-10-32bit","javascriptEnabled":true,"takesScreenshot":true,"handlesAlerts":false,"databaseEnabled":false,"locationContextEnabled":false,"applicationCacheEnabled":false,"browserConnectionEnabled":false,"cssSelectorsEnabled":true,"webStorageEnabled":false,"rotatable":false,"acceptSslCerts":false,"nativeEvents":true,"proxy":{"proxyType":"direct"}}
[INFO  - 2017-04-10T20:51:11.016Z] SessionManagerReqHand - _postNewSessionCommand - New Session Created: 6da7f730-1e2f-11e7-b783-c3ea0b71b2be
[INFO  - 2017-04-10T20:51:13.045Z] ShutdownReqHand - _handle - About to shutdown
[INFO  - 2017-04-10T20:51:14.978Z] GhostDriver - Main - running on port 4558
[INFO  - 2017-04-10T20:51:15.157Z] Session [701f38c0-1e2f-11e7-bb39-93f40424325e] - page.settings - {"XSSAuditingEnabled":false,"javascriptCanCloseWindows":true,"javascriptCanOpenWindows":true,"javascriptEnabled":true,"loadImages":true,"localToRemoteUrlAccessEnabled":false,"userAgent":"Mozilla/5.0 (Windows NT 6.2; WOW64) AppleWebKit/538.1 (KHTML, like Gecko) PhantomJS/2.1.1 Safari/538.1","webSecurityEnabled":true}
[INFO  - 2017-04-10T20:51:15.157Z] Session [701f38c0-1e2f-11e7-bb39-93f40424325e] - page.customHeaders:  - {}
[INFO  - 2017-04-10T20:51:15.157Z] Session [701f38c0-1e2f-11e7-bb39-93f40424325e] - Session.negotiatedCapabilities - {"browserName":"phantomjs","version":"2.1.1","driverName":"ghostdriver","driverVersion":"1.2.0","platform":"windows-10-32bit","javascriptEnabled":true,"takesScreenshot":true,"handlesAlerts":false,"databaseEnabled":false,"locationContextEnabled":false,"applicationCacheEnabled":false,"browserConnectionEnabled":false,"cssSelectorsEnabled":true,"webStorageEnabled":false,"rotatable":false,"acceptSslCerts":false,"nativeEvents":true,"proxy":{"proxyType":"direct"}}
[INFO  - 2017-04-10T20:51:15.157Z] SessionManagerReqHand - _postNewSessionCommand - New Session Created: 701f38c0-1e2f-11e7-bb39-93f40424325e
[INFO  - 2017-04-10T20:51:17.206Z] ShutdownReqHand - _handle - About to shutdown
[INFO  - 2017-04-11T06:40:47.897Z] GhostDriver - Main - running on port 2760
[INFO  - 2017-04-11T06:40:48.257Z] Session [cc228bc0-1e81-11e7-8408-670bd171131e] - page.settings - {"XSSAuditingEnabled":false,"javascriptCanCloseWindows":true,"javascriptCanOpenWindows":true,"javascriptEnabled":true,"loadImages":true,"localToRemoteUrlAccessEnabled":false,"userAgent":"Mozilla/5.0 (Windows NT 6.2; WOW64) AppleWebKit/538.1 (KHTML, like Gecko) PhantomJS/2.1.1 Safari/538.1","webSecurityEnabled":true}
[INFO  - 2017-04-11T06:40:48.257Z] Session [cc228bc0-1e81-11e7-8408-670bd171131e] - page.customHeaders:  - {}
[INFO  - 2017-04-11T06:40:48.257Z] Session [cc228bc0-1e81-11e7-8408-670bd171131e] - Session.negotiatedCapabilities - {"browserName":"phantomjs","version":"2.1.1","driverName":"ghostdriver","driverVersion":"1.2.0","platform":"windows-10-32bit","javascriptEnabled":true,"takesScreenshot":true,"handlesAlerts":false,"databaseEnabled":false,"locationContextEnabled":false,"applicationCacheEnabled":false,"browserConnectionEnabled":false,"cssSelectorsEnabled":true,"webStorageEnabled":false,"rotatable":false,"acceptSslCerts":false,"nativeEvents":true,"proxy":{"proxyType":"direct"}}
[INFO  - 2017-04-11T06:40:48.257Z] SessionManagerReqHand - _postNewSessionCommand - New Session Created: cc228bc0-1e81-11e7-8408-670bd171131e
[INFO  - 2017-04-11T06:40:50.836Z] ShutdownReqHand - _handle - About to shutdown
[INFO  - 2017-04-11T06:40:52.903Z] GhostDriver - Main - running on port 38000
[INFO  - 2017-04-11T06:40:53.094Z] Session [cf02c850-1e81-11e7-a472-0dd9941de5a9] - page.settings - {"XSSAuditingEnabled":false,"javascriptCanCloseWindows":true,"javascriptCanOpenWindows":true,"javascriptEnabled":true,"loadImages":true,"localToRemoteUrlAccessEnabled":false,"userAgent":"Mozilla/5.0 (Windows NT 6.2; WOW64) AppleWebKit/538.1 (KHTML, like Gecko) PhantomJS/2.1.1 Safari/538.1","webSecurityEnabled":true}
[INFO  - 2017-04-11T06:40:53.094Z] Session [cf02c850-1e81-11e7-a472-0dd9941de5a9] - page.customHeaders:  - {}
[INFO  - 2017-04-11T06:40:53.094Z] Session [cf02c850-1e81-11e7-a472-0dd9941de5a9] - Session.negotiatedCapabilities - {"browserName":"phantomjs","version":"2.1.1","driverName":"ghostdriver","driverVersion":"1.2.0","platform":"windows-10-32bit","javascriptEnabled":true,"takesScreenshot":true,"handlesAlerts":false,"databaseEnabled":false,"locationContextEnabled":false,"applicationCacheEnabled":false,"browserConnectionEnabled":false,"cssSelectorsEnabled":true,"webStorageEnabled":false,"rotatable":false,"acceptSslCerts":false,"nativeEvents":true,"proxy":{"proxyType":"direct"}}
[INFO  - 2017-04-11T06:40:53.094Z] SessionManagerReqHand - _postNewSessionCommand - New Session Created: cf02c850-1e81-11e7-a472-0dd9941de5a9
[INFO  - 2017-04-11T06:40:57.916Z] ShutdownReqHand - _handle - About to shutdown
[INFO  - 2017-04-11T06:47:35.657Z] GhostDriver - Main - running on port 48597
[INFO  - 2017-04-11T06:47:35.978Z] Session [bf27fc60-1e82-11e7-87e1-4f98f909773f] - page.settings - {"XSSAuditingEnabled":false,"javascriptCanCloseWindows":true,"javascriptCanOpenWindows":true,"javascriptEnabled":true,"loadImages":true,"localToRemoteUrlAccessEnabled":false,"userAgent":"Mozilla/5.0 (Windows NT 6.2; WOW64) AppleWebKit/538.1 (KHTML, like Gecko) PhantomJS/2.1.1 Safari/538.1","webSecurityEnabled":true}
[INFO  - 2017-04-11T06:47:35.978Z] Session [bf27fc60-1e82-11e7-87e1-4f98f909773f] - page.customHeaders:  - {}
[INFO  - 2017-04-11T06:47:35.979Z] Session [bf27fc60-1e82-11e7-87e1-4f98f909773f] - Session.negotiatedCapabilities - {"browserName":"phantomjs","version":"2.1.1","driverName":"ghostdriver","driverVersion":"1.2.0","platform":"windows-10-32bit","javascriptEnabled":true,"takesScreenshot":true,"handlesAlerts":false,"databaseEnabled":false,"locationContextEnabled":false,"applicationCacheEnabled":false,"browserConnectionEnabled":false,"cssSelectorsEnabled":true,"webStorageEnabled":false,"rotatable":false,"acceptSslCerts":false,"nativeEvents":true,"proxy":{"proxyType":"direct"}}
[INFO  - 2017-04-11T06:47:35.979Z] SessionManagerReqHand - _postNewSessionCommand - New Session Created: bf27fc60-1e82-11e7-87e1-4f98f909773f
[INFO  - 2017-04-11T06:47:38.639Z] ShutdownReqHand - _handle - About to shutdown
[INFO  - 2017-04-11T06:47:40.605Z] GhostDriver - Main - running on port 3216
[INFO  - 2017-04-11T06:47:40.798Z] Session [c206b250-1e82-11e7-8e7f-b989e9da728d] - page.settings - {"XSSAuditingEnabled":false,"javascriptCanCloseWindows":true,"javascriptCanOpenWindows":true,"javascriptEnabled":true,"loadImages":true,"localToRemoteUrlAccessEnabled":false,"userAgent":"Mozilla/5.0 (Windows NT 6.2; WOW64) AppleWebKit/538.1 (KHTML, like Gecko) PhantomJS/2.1.1 Safari/538.1","webSecurityEnabled":true}
[INFO  - 2017-04-11T06:47:40.798Z] Session [c206b250-1e82-11e7-8e7f-b989e9da728d] - page.customHeaders:  - {}
[INFO  - 2017-04-11T06:47:40.798Z] Session [c206b250-1e82-11e7-8e7f-b989e9da728d] - Session.negotiatedCapabilities - {"browserName":"phantomjs","version":"2.1.1","driverName":"ghostdriver","driverVersion":"1.2.0","platform":"windows-10-32bit","javascriptEnabled":true,"takesScreenshot":true,"handlesAlerts":false,"databaseEnabled":false,"locationContextEnabled":false,"applicationCacheEnabled":false,"browserConnectionEnabled":false,"cssSelectorsEnabled":true,"webStorageEnabled":false,"rotatable":false,"acceptSslCerts":false,"nativeEvents":true,"proxy":{"proxyType":"direct"}}
[INFO  - 2017-04-11T06:47:40.798Z] SessionManagerReqHand - _postNewSessionCommand - New Session Created: c206b250-1e82-11e7-8e7f-b989e9da728d
[INFO  - 2017-04-11T06:47:43.483Z] ShutdownReqHand - _handle - About to shutdown
[INFO  - 2017-04-11T06:48:17.575Z] GhostDriver - Main - running on port 31694
[INFO  - 2017-04-11T06:48:17.919Z] Session [d827acb0-1e82-11e7-8576-791f3f7e1d05] - page.settings - {"XSSAuditingEnabled":false,"javascriptCanCloseWindows":true,"javascriptCanOpenWindows":true,"javascriptEnabled":true,"loadImages":true,"localToRemoteUrlAccessEnabled":false,"userAgent":"Mozilla/5.0 (Windows NT 6.2; WOW64) AppleWebKit/538.1 (KHTML, like Gecko) PhantomJS/2.1.1 Safari/538.1","webSecurityEnabled":true}
[INFO  - 2017-04-11T06:48:17.919Z] Session [d827acb0-1e82-11e7-8576-791f3f7e1d05] - page.customHeaders:  - {}
[INFO  - 2017-04-11T06:48:17.919Z] Session [d827acb0-1e82-11e7-8576-791f3f7e1d05] - Session.negotiatedCapabilities - {"browserName":"phantomjs","version":"2.1.1","driverName":"ghostdriver","driverVersion":"1.2.0","platform":"windows-10-32bit","javascriptEnabled":true,"takesScreenshot":true,"handlesAlerts":false,"databaseEnabled":false,"locationContextEnabled":false,"applicationCacheEnabled":false,"browserConnectionEnabled":false,"cssSelectorsEnabled":true,"webStorageEnabled":false,"rotatable":false,"acceptSslCerts":false,"nativeEvents":true,"proxy":{"proxyType":"direct"}}
[INFO  - 2017-04-11T06:48:17.919Z] SessionManagerReqHand - _postNewSessionCommand - New Session Created: d827acb0-1e82-11e7-8576-791f3f7e1d05
[INFO  - 2017-04-11T06:48:19.893Z] ShutdownReqHand - _handle - About to shutdown
[INFO  - 2017-04-11T06:48:21.855Z] GhostDriver - Main - running on port 25473
[INFO  - 2017-04-11T06:48:22.047Z] Session [da9c5630-1e82-11e7-8041-a1f3a3343bc7] - page.settings - {"XSSAuditingEnabled":false,"javascriptCanCloseWindows":true,"javascriptCanOpenWindows":true,"javascriptEnabled":true,"loadImages":true,"localToRemoteUrlAccessEnabled":false,"userAgent":"Mozilla/5.0 (Windows NT 6.2; WOW64) AppleWebKit/538.1 (KHTML, like Gecko) PhantomJS/2.1.1 Safari/538.1","webSecurityEnabled":true}
[INFO  - 2017-04-11T06:48:22.047Z] Session [da9c5630-1e82-11e7-8041-a1f3a3343bc7] - page.customHeaders:  - {}
[INFO  - 2017-04-11T06:48:22.047Z] Session [da9c5630-1e82-11e7-8041-a1f3a3343bc7] - Session.negotiatedCapabilities - {"browserName":"phantomjs","version":"2.1.1","driverName":"ghostdriver","driverVersion":"1.2.0","platform":"windows-10-32bit","javascriptEnabled":true,"takesScreenshot":true,"handlesAlerts":false,"databaseEnabled":false,"locationContextEnabled":false,"applicationCacheEnabled":false,"browserConnectionEnabled":false,"cssSelectorsEnabled":true,"webStorageEnabled":false,"rotatable":false,"acceptSslCerts":false,"nativeEvents":true,"proxy":{"proxyType":"direct"}}
[INFO  - 2017-04-11T06:48:22.047Z] SessionManagerReqHand - _postNewSessionCommand - New Session Created: da9c5630-1e82-11e7-8041-a1f3a3343bc7
[INFO  - 2017-04-11T06:48:27.344Z] ShutdownReqHand - _handle - About to shutdown
[INFO  - 2017-04-11T06:54:19.095Z] GhostDriver - Main - running on port 31991
[INFO  - 2017-04-11T06:54:19.445Z] Session [afa42a10-1e83-11e7-98f7-e1f4538b3626] - page.settings - {"XSSAuditingEnabled":false,"javascriptCanCloseWindows":true,"javascriptCanOpenWindows":true,"javascriptEnabled":true,"loadImages":true,"localToRemoteUrlAccessEnabled":false,"userAgent":"Mozilla/5.0 (Windows NT 6.2; WOW64) AppleWebKit/538.1 (KHTML, like Gecko) PhantomJS/2.1.1 Safari/538.1","webSecurityEnabled":true}
[INFO  - 2017-04-11T06:54:19.445Z] Session [afa42a10-1e83-11e7-98f7-e1f4538b3626] - page.customHeaders:  - {}
[INFO  - 2017-04-11T06:54:19.445Z] Session [afa42a10-1e83-11e7-98f7-e1f4538b3626] - Session.negotiatedCapabilities - {"browserName":"phantomjs","version":"2.1.1","driverName":"ghostdriver","driverVersion":"1.2.0","platform":"windows-10-32bit","javascriptEnabled":true,"takesScreenshot":true,"handlesAlerts":false,"databaseEnabled":false,"locationContextEnabled":false,"applicationCacheEnabled":false,"browserConnectionEnabled":false,"cssSelectorsEnabled":true,"webStorageEnabled":false,"rotatable":false,"acceptSslCerts":false,"nativeEvents":true,"proxy":{"proxyType":"direct"}}
[INFO  - 2017-04-11T06:54:19.445Z] SessionManagerReqHand - _postNewSessionCommand - New Session Created: afa42a10-1e83-11e7-98f7-e1f4538b3626
[INFO  - 2017-04-11T06:54:22.139Z] ShutdownReqHand - _handle - About to shutdown
[INFO  - 2017-04-11T06:54:24.062Z] GhostDriver - Main - running on port 30008
[INFO  - 2017-04-11T06:54:24.265Z] Session [b28243c0-1e83-11e7-8c0c-5b13342dd8cd] - page.settings - {"XSSAuditingEnabled":false,"javascriptCanCloseWindows":true,"javascriptCanOpenWindows":true,"javascriptEnabled":true,"loadImages":true,"localToRemoteUrlAccessEnabled":false,"userAgent":"Mozilla/5.0 (Windows NT 6.2; WOW64) AppleWebKit/538.1 (KHTML, like Gecko) PhantomJS/2.1.1 Safari/538.1","webSecurityEnabled":true}
[INFO  - 2017-04-11T06:54:24.265Z] Session [b28243c0-1e83-11e7-8c0c-5b13342dd8cd] - page.customHeaders:  - {}
[INFO  - 2017-04-11T06:54:24.265Z] Session [b28243c0-1e83-11e7-8c0c-5b13342dd8cd] - Session.negotiatedCapabilities - {"browserName":"phantomjs","version":"2.1.1","driverName":"ghostdriver","driverVersion":"1.2.0","platform":"windows-10-32bit","javascriptEnabled":true,"takesScreenshot":true,"handlesAlerts":false,"databaseEnabled":false,"locationContextEnabled":false,"applicationCacheEnabled":false,"browserConnectionEnabled":false,"cssSelectorsEnabled":true,"webStorageEnabled":false,"rotatable":false,"acceptSslCerts":false,"nativeEvents":true,"proxy":{"proxyType":"direct"}}
[INFO  - 2017-04-11T06:54:24.265Z] SessionManagerReqHand - _postNewSessionCommand - New Session Created: b28243c0-1e83-11e7-8c0c-5b13342dd8cd
[INFO  - 2017-04-11T06:54:29.026Z] ShutdownReqHand - _handle - About to shutdown
[INFO  - 2017-04-11T06:55:08.631Z] GhostDriver - Main - running on port 40638
[INFO  - 2017-04-11T06:55:08.843Z] Session [cd156550-1e83-11e7-807d-bbfb600afd18] - page.settings - {"XSSAuditingEnabled":false,"javascriptCanCloseWindows":true,"javascriptCanOpenWindows":true,"javascriptEnabled":true,"loadImages":true,"localToRemoteUrlAccessEnabled":false,"userAgent":"Mozilla/5.0 (Windows NT 6.2; WOW64) AppleWebKit/538.1 (KHTML, like Gecko) PhantomJS/2.1.1 Safari/538.1","webSecurityEnabled":true}
[INFO  - 2017-04-11T06:55:08.843Z] Session [cd156550-1e83-11e7-807d-bbfb600afd18] - page.customHeaders:  - {}
[INFO  - 2017-04-11T06:55:08.843Z] Session [cd156550-1e83-11e7-807d-bbfb600afd18] - Session.negotiatedCapabilities - {"browserName":"phantomjs","version":"2.1.1","driverName":"ghostdriver","driverVersion":"1.2.0","platform":"windows-10-32bit","javascriptEnabled":true,"takesScreenshot":true,"handlesAlerts":false,"databaseEnabled":false,"locationContextEnabled":false,"applicationCacheEnabled":false,"browserConnectionEnabled":false,"cssSelectorsEnabled":true,"webStorageEnabled":false,"rotatable":false,"acceptSslCerts":false,"nativeEvents":true,"proxy":{"proxyType":"direct"}}
[INFO  - 2017-04-11T06:55:08.843Z] SessionManagerReqHand - _postNewSessionCommand - New Session Created: cd156550-1e83-11e7-807d-bbfb600afd18
[INFO  - 2017-04-11T06:55:10.857Z] ShutdownReqHand - _handle - About to shutdown
[INFO  - 2017-04-11T06:55:12.853Z] GhostDriver - Main - running on port 46343
[INFO  - 2017-04-11T06:55:13.049Z] Session [cf961cc0-1e83-11e7-935e-8528a576b50a] - page.settings - {"XSSAuditingEnabled":false,"javascriptCanCloseWindows":true,"javascriptCanOpenWindows":true,"javascriptEnabled":true,"loadImages":true,"localToRemoteUrlAccessEnabled":false,"userAgent":"Mozilla/5.0 (Windows NT 6.2; WOW64) AppleWebKit/538.1 (KHTML, like Gecko) PhantomJS/2.1.1 Safari/538.1","webSecurityEnabled":true}
[INFO  - 2017-04-11T06:55:13.049Z] Session [cf961cc0-1e83-11e7-935e-8528a576b50a] - page.customHeaders:  - {}
[INFO  - 2017-04-11T06:55:13.049Z] Session [cf961cc0-1e83-11e7-935e-8528a576b50a] - Session.negotiatedCapabilities - {"browserName":"phantomjs","version":"2.1.1","driverName":"ghostdriver","driverVersion":"1.2.0","platform":"windows-10-32bit","javascriptEnabled":true,"takesScreenshot":true,"handlesAlerts":false,"databaseEnabled":false,"locationContextEnabled":false,"applicationCacheEnabled":false,"browserConnectionEnabled":false,"cssSelectorsEnabled":true,"webStorageEnabled":false,"rotatable":false,"acceptSslCerts":false,"nativeEvents":true,"proxy":{"proxyType":"direct"}}
[INFO  - 2017-04-11T06:55:13.049Z] SessionManagerReqHand - _postNewSessionCommand - New Session Created: cf961cc0-1e83-11e7-935e-8528a576b50a
[INFO  - 2017-04-11T06:55:17.838Z] ShutdownReqHand - _handle - About to shutdown
[INFO  - 2017-04-11T06:57:35.259Z] GhostDriver - Main - running on port 34523
[INFO  - 2017-04-11T06:57:35.502Z] Session [248016a0-1e84-11e7-90bc-0d5732aababf] - page.settings - {"XSSAuditingEnabled":false,"javascriptCanCloseWindows":true,"javascriptCanOpenWindows":true,"javascriptEnabled":true,"loadImages":true,"localToRemoteUrlAccessEnabled":false,"userAgent":"Mozilla/5.0 (Windows NT 6.2; WOW64) AppleWebKit/538.1 (KHTML, like Gecko) PhantomJS/2.1.1 Safari/538.1","webSecurityEnabled":true}
[INFO  - 2017-04-11T06:57:35.502Z] Session [248016a0-1e84-11e7-90bc-0d5732aababf] - page.customHeaders:  - {}
[INFO  - 2017-04-11T06:57:35.503Z] Session [248016a0-1e84-11e7-90bc-0d5732aababf] - Session.negotiatedCapabilities - {"browserName":"phantomjs","version":"2.1.1","driverName":"ghostdriver","driverVersion":"1.2.0","platform":"windows-10-32bit","javascriptEnabled":true,"takesScreenshot":true,"handlesAlerts":false,"databaseEnabled":false,"locationContextEnabled":false,"applicationCacheEnabled":false,"browserConnectionEnabled":false,"cssSelectorsEnabled":true,"webStorageEnabled":false,"rotatable":false,"acceptSslCerts":false,"nativeEvents":true,"proxy":{"proxyType":"direct"}}
[INFO  - 2017-04-11T06:57:35.503Z] SessionManagerReqHand - _postNewSessionCommand - New Session Created: 248016a0-1e84-11e7-90bc-0d5732aababf
[INFO  - 2017-04-11T06:57:38.095Z] ShutdownReqHand - _handle - About to shutdown
[INFO  - 2017-04-11T06:57:40.036Z] GhostDriver - Main - running on port 24387
[INFO  - 2017-04-11T06:57:40.244Z] Session [2751ad30-1e84-11e7-93ac-975423a6cf00] - page.settings - {"XSSAuditingEnabled":false,"javascriptCanCloseWindows":true,"javascriptCanOpenWindows":true,"javascriptEnabled":true,"loadImages":true,"localToRemoteUrlAccessEnabled":false,"userAgent":"Mozilla/5.0 (Windows NT 6.2; WOW64) AppleWebKit/538.1 (KHTML, like Gecko) PhantomJS/2.1.1 Safari/538.1","webSecurityEnabled":true}
[INFO  - 2017-04-11T06:57:40.244Z] Session [2751ad30-1e84-11e7-93ac-975423a6cf00] - page.customHeaders:  - {}
[INFO  - 2017-04-11T06:57:40.245Z] Session [2751ad30-1e84-11e7-93ac-975423a6cf00] - Session.negotiatedCapabilities - {"browserName":"phantomjs","version":"2.1.1","driverName":"ghostdriver","driverVersion":"1.2.0","platform":"windows-10-32bit","javascriptEnabled":true,"takesScreenshot":true,"handlesAlerts":false,"databaseEnabled":false,"locationContextEnabled":false,"applicationCacheEnabled":false,"browserConnectionEnabled":false,"cssSelectorsEnabled":true,"webStorageEnabled":false,"rotatable":false,"acceptSslCerts":false,"nativeEvents":true,"proxy":{"proxyType":"direct"}}
[INFO  - 2017-04-11T06:57:40.245Z] SessionManagerReqHand - _postNewSessionCommand - New Session Created: 2751ad30-1e84-11e7-93ac-975423a6cf00
[INFO  - 2017-04-11T06:57:42.868Z] ShutdownReqHand - _handle - About to shutdown
[INFO  - 2017-04-11T06:58:00.817Z] GhostDriver - Main - running on port 32344
[INFO  - 2017-04-11T06:58:01.082Z] Session [33bf2250-1e84-11e7-8f90-af34a50ea9a1] - page.settings - {"XSSAuditingEnabled":false,"javascriptCanCloseWindows":true,"javascriptCanOpenWindows":true,"javascriptEnabled":true,"loadImages":true,"localToRemoteUrlAccessEnabled":false,"userAgent":"Mozilla/5.0 (Windows NT 6.2; WOW64) AppleWebKit/538.1 (KHTML, like Gecko) PhantomJS/2.1.1 Safari/538.1","webSecurityEnabled":true}
[INFO  - 2017-04-11T06:58:01.082Z] Session [33bf2250-1e84-11e7-8f90-af34a50ea9a1] - page.customHeaders:  - {}
[INFO  - 2017-04-11T06:58:01.082Z] Session [33bf2250-1e84-11e7-8f90-af34a50ea9a1] - Session.negotiatedCapabilities - {"browserName":"phantomjs","version":"2.1.1","driverName":"ghostdriver","driverVersion":"1.2.0","platform":"windows-10-32bit","javascriptEnabled":true,"takesScreenshot":true,"handlesAlerts":false,"databaseEnabled":false,"locationContextEnabled":false,"applicationCacheEnabled":false,"browserConnectionEnabled":false,"cssSelectorsEnabled":true,"webStorageEnabled":false,"rotatable":false,"acceptSslCerts":false,"nativeEvents":true,"proxy":{"proxyType":"direct"}}
[INFO  - 2017-04-11T06:58:01.082Z] SessionManagerReqHand - _postNewSessionCommand - New Session Created: 33bf2250-1e84-11e7-8f90-af34a50ea9a1
[INFO  - 2017-04-11T06:58:03.596Z] ShutdownReqHand - _handle - About to shutdown
[INFO  - 2017-04-11T06:58:06.132Z] GhostDriver - Main - running on port 34680
[INFO  - 2017-04-11T06:58:06.319Z] Session [36dd5240-1e84-11e7-a25d-0755dcc0d5f6] - page.settings - {"XSSAuditingEnabled":false,"javascriptCanCloseWindows":true,"javascriptCanOpenWindows":true,"javascriptEnabled":true,"loadImages":true,"localToRemoteUrlAccessEnabled":false,"userAgent":"Mozilla/5.0 (Windows NT 6.2; WOW64) AppleWebKit/538.1 (KHTML, like Gecko) PhantomJS/2.1.1 Safari/538.1","webSecurityEnabled":true}
[INFO  - 2017-04-11T06:58:06.319Z] Session [36dd5240-1e84-11e7-a25d-0755dcc0d5f6] - page.customHeaders:  - {}
[INFO  - 2017-04-11T06:58:06.319Z] Session [36dd5240-1e84-11e7-a25d-0755dcc0d5f6] - Session.negotiatedCapabilities - {"browserName":"phantomjs","version":"2.1.1","driverName":"ghostdriver","driverVersion":"1.2.0","platform":"windows-10-32bit","javascriptEnabled":true,"takesScreenshot":true,"handlesAlerts":false,"databaseEnabled":false,"locationContextEnabled":false,"applicationCacheEnabled":false,"browserConnectionEnabled":false,"cssSelectorsEnabled":true,"webStorageEnabled":false,"rotatable":false,"acceptSslCerts":false,"nativeEvents":true,"proxy":{"proxyType":"direct"}}
[INFO  - 2017-04-11T06:58:06.320Z] SessionManagerReqHand - _postNewSessionCommand - New Session Created: 36dd5240-1e84-11e7-a25d-0755dcc0d5f6
[INFO  - 2017-04-11T06:58:08.950Z] ShutdownReqHand - _handle - About to shutdown
[INFO  - 2017-04-11T07:07:43.866Z] GhostDriver - Main - running on port 26302
[INFO  - 2017-04-11T07:07:44.104Z] Session [8f416240-1e85-11e7-a4b6-a36ba4b5dc3d] - page.settings - {"XSSAuditingEnabled":false,"javascriptCanCloseWindows":true,"javascriptCanOpenWindows":true,"javascriptEnabled":true,"loadImages":true,"localToRemoteUrlAccessEnabled":false,"userAgent":"Mozilla/5.0 (Windows NT 6.2; WOW64) AppleWebKit/538.1 (KHTML, like Gecko) PhantomJS/2.1.1 Safari/538.1","webSecurityEnabled":true}
[INFO  - 2017-04-11T07:07:44.104Z] Session [8f416240-1e85-11e7-a4b6-a36ba4b5dc3d] - page.customHeaders:  - {}
[INFO  - 2017-04-11T07:07:44.105Z] Session [8f416240-1e85-11e7-a4b6-a36ba4b5dc3d] - Session.negotiatedCapabilities - {"browserName":"phantomjs","version":"2.1.1","driverName":"ghostdriver","driverVersion":"1.2.0","platform":"windows-10-32bit","javascriptEnabled":true,"takesScreenshot":true,"handlesAlerts":false,"databaseEnabled":false,"locationContextEnabled":false,"applicationCacheEnabled":false,"browserConnectionEnabled":false,"cssSelectorsEnabled":true,"webStorageEnabled":false,"rotatable":false,"acceptSslCerts":false,"nativeEvents":true,"proxy":{"proxyType":"direct"}}
[INFO  - 2017-04-11T07:07:44.105Z] SessionManagerReqHand - _postNewSessionCommand - New Session Created: 8f416240-1e85-11e7-a4b6-a36ba4b5dc3d
[INFO  - 2017-04-11T07:07:48.950Z] ShutdownReqHand - _handle - About to shutdown
[INFO  - 2017-04-11T07:07:50.668Z] GhostDriver - Main - running on port 21658
[INFO  - 2017-04-11T07:07:50.840Z] Session [934425d0-1e85-11e7-9572-e7e9d3406079] - page.settings - {"XSSAuditingEnabled":false,"javascriptCanCloseWindows":true,"javascriptCanOpenWindows":true,"javascriptEnabled":true,"loadImages":true,"localToRemoteUrlAccessEnabled":false,"userAgent":"Mozilla/5.0 (Windows NT 6.2; WOW64) AppleWebKit/538.1 (KHTML, like Gecko) PhantomJS/2.1.1 Safari/538.1","webSecurityEnabled":true}
[INFO  - 2017-04-11T07:07:50.841Z] Session [934425d0-1e85-11e7-9572-e7e9d3406079] - page.customHeaders:  - {}
[INFO  - 2017-04-11T07:07:50.841Z] Session [934425d0-1e85-11e7-9572-e7e9d3406079] - Session.negotiatedCapabilities - {"browserName":"phantomjs","version":"2.1.1","driverName":"ghostdriver","driverVersion":"1.2.0","platform":"windows-10-32bit","javascriptEnabled":true,"takesScreenshot":true,"handlesAlerts":false,"databaseEnabled":false,"locationContextEnabled":false,"applicationCacheEnabled":false,"browserConnectionEnabled":false,"cssSelectorsEnabled":true,"webStorageEnabled":false,"rotatable":false,"acceptSslCerts":false,"nativeEvents":true,"proxy":{"proxyType":"direct"}}
[INFO  - 2017-04-11T07:07:50.841Z] SessionManagerReqHand - _postNewSessionCommand - New Session Created: 934425d0-1e85-11e7-9572-e7e9d3406079
[INFO  - 2017-04-11T07:07:53.570Z] ShutdownReqHand - _handle - About to shutdown
[INFO  - 2017-04-11T07:07:55.404Z] GhostDriver - Main - running on port 15558
[INFO  - 2017-04-11T07:07:55.612Z] Session [961b3aa0-1e85-11e7-869d-91a44abe8511] - page.settings - {"XSSAuditingEnabled":false,"javascriptCanCloseWindows":true,"javascriptCanOpenWindows":true,"javascriptEnabled":true,"loadImages":true,"localToRemoteUrlAccessEnabled":false,"userAgent":"Mozilla/5.0 (Windows NT 6.2; WOW64) AppleWebKit/538.1 (KHTML, like Gecko) PhantomJS/2.1.1 Safari/538.1","webSecurityEnabled":true}
[INFO  - 2017-04-11T07:07:55.612Z] Session [961b3aa0-1e85-11e7-869d-91a44abe8511] - page.customHeaders:  - {}
[INFO  - 2017-04-11T07:07:55.612Z] Session [961b3aa0-1e85-11e7-869d-91a44abe8511] - Session.negotiatedCapabilities - {"browserName":"phantomjs","version":"2.1.1","driverName":"ghostdriver","driverVersion":"1.2.0","platform":"windows-10-32bit","javascriptEnabled":true,"takesScreenshot":true,"handlesAlerts":false,"databaseEnabled":false,"locationContextEnabled":false,"applicationCacheEnabled":false,"browserConnectionEnabled":false,"cssSelectorsEnabled":true,"webStorageEnabled":false,"rotatable":false,"acceptSslCerts":false,"nativeEvents":true,"proxy":{"proxyType":"direct"}}
[INFO  - 2017-04-11T07:07:55.612Z] SessionManagerReqHand - _postNewSessionCommand - New Session Created: 961b3aa0-1e85-11e7-869d-91a44abe8511
[INFO  - 2017-04-11T07:07:58.187Z] ShutdownReqHand - _handle - About to shutdown
